;  LST file generated by mikroListExporter - v.2.0 
; Date/Time: 22.12.2023 15:23:43
;----------------------------------------------

;Address Opcode 	ASM
0x0000	0x2A4D      	GOTO       589
_Delay_1us:
;__Lib_Delays.c,7 :: 		void Delay_1us() {
;__Lib_Delays.c,8 :: 		Delay_us(1);
0x0003	0x0000      	NOP
0x0004	0x0000      	NOP
;__Lib_Delays.c,9 :: 		}
L_end_Delay_1us:
0x0005	0x0008      	RETURN
; end of _Delay_1us
_Delay_5500us:
;__Lib_Delays.c,31 :: 		void Delay_5500us() {
;__Lib_Delays.c,32 :: 		Delay_us(5500);
0x0006	0x300F      	MOVLW      15
0x0007	0x1283      	BCF        STATUS, 5
0x0008	0x1303      	BCF        STATUS, 6
0x0009	0x00FC      	MOVWF      R12
0x000A	0x3047      	MOVLW      71
0x000B	0x00FD      	MOVWF      R13
L_Delay_5500us5:
0x000C	0x0BFD      	DECFSZ     R13, 1
0x000D	0x280C      	GOTO       L_Delay_5500us5
0x000E	0x0BFC      	DECFSZ     R12, 1
0x000F	0x280C      	GOTO       L_Delay_5500us5
0x0010	0x0000      	NOP
0x0011	0x0000      	NOP
;__Lib_Delays.c,33 :: 		}
L_end_Delay_5500us:
0x0012	0x0008      	RETURN
; end of _Delay_5500us
_Delay_50us:
;__Lib_Delays.c,19 :: 		void Delay_50us() {
;__Lib_Delays.c,20 :: 		Delay_us(50);
0x0013	0x3021      	MOVLW      33
0x0014	0x1283      	BCF        STATUS, 5
0x0015	0x1303      	BCF        STATUS, 6
0x0016	0x00FD      	MOVWF      R13
L_Delay_50us2:
0x0017	0x0BFD      	DECFSZ     R13, 1
0x0018	0x2817      	GOTO       L_Delay_50us2
;__Lib_Delays.c,21 :: 		}
L_end_Delay_50us:
0x0019	0x0008      	RETURN
; end of _Delay_50us
_Div_16X16_U:
;__Lib_Math.c,215 :: 		
;__Lib_Math.c,222 :: 		
0x001A	0x1283      	BCF        STATUS, 5
;__Lib_Math.c,223 :: 		
0x001B	0x1303      	BCF        STATUS, 6
;__Lib_Math.c,224 :: 		
0x001C	0x01F8      	CLRF       R8
;__Lib_Math.c,225 :: 		
0x001D	0x01F9      	CLRF       R9
;__Lib_Math.c,226 :: 		
0x001E	0x3010      	MOVLW      16
;__Lib_Math.c,227 :: 		
0x001F	0x00FC      	MOVWF      R12
;__Lib_Math.c,228 :: 		
0x0020	0x0D71      	RLF        R1, 0
;__Lib_Math.c,229 :: 		
0x0021	0x0DF8      	RLF        R8, 1
;__Lib_Math.c,230 :: 		
0x0022	0x0DF9      	RLF        R9, 1
;__Lib_Math.c,231 :: 		
0x0023	0x0874      	MOVF       R4, 0
;__Lib_Math.c,232 :: 		
0x0024	0x02F8      	SUBWF      R8, 1
;__Lib_Math.c,233 :: 		
0x0025	0x0875      	MOVF       R5, 0
;__Lib_Math.c,234 :: 		
0x0026	0x1C03      	BTFSS      STATUS, 0
;__Lib_Math.c,235 :: 		
0x0027	0x0F75      	INCFSZ     R5, 0
;__Lib_Math.c,236 :: 		
0x0028	0x02F9      	SUBWF      R9, 1
;__Lib_Math.c,237 :: 		
0x0029	0x1803      	BTFSC      STATUS, 0
;__Lib_Math.c,238 :: 		
0x002A	0x2832      	GOTO       $+8
;__Lib_Math.c,239 :: 		
0x002B	0x0874      	MOVF       R4, 0
;__Lib_Math.c,240 :: 		
0x002C	0x07F8      	ADDWF      R8, 1
;__Lib_Math.c,241 :: 		
0x002D	0x0875      	MOVF       R5, 0
;__Lib_Math.c,242 :: 		
0x002E	0x1803      	BTFSC      STATUS, 0
;__Lib_Math.c,243 :: 		
0x002F	0x0F75      	INCFSZ     R5, 0
;__Lib_Math.c,244 :: 		
0x0030	0x07F9      	ADDWF      R9, 1
;__Lib_Math.c,245 :: 		
0x0031	0x1003      	BCF        STATUS, 0
;__Lib_Math.c,246 :: 		
0x0032	0x0DF0      	RLF        R0, 1
;__Lib_Math.c,247 :: 		
0x0033	0x0DF1      	RLF        R1, 1
;__Lib_Math.c,248 :: 		
0x0034	0x0BFC      	DECFSZ     R12, 1
;__Lib_Math.c,249 :: 		
0x0035	0x2820      	GOTO       $-21
;__Lib_Math.c,251 :: 		
L_end_Div_16X16_U:
0x0036	0x0008      	RETURN
; end of _Div_16X16_U
_Lcd_Cmd:
;__Lib_Lcd.c,18 :: 		
;__Lib_Lcd.c,20 :: 		
0x0037	0x1283      	BCF        STATUS, 5
0x0038	0x1703      	BSF        STATUS, 6
0x0039	0x1B98      	BTFSC      FARG_Lcd_Cmd_out_char, 7
0x003A	0x283E      	GOTO       L__Lcd_Cmd21
0x003B	0x1303      	BCF        STATUS, 6
0x003C	0x1388      	BCF        LCD_D7, BitPos(LCD_D7+0)
0x003D	0x2840      	GOTO       L__Lcd_Cmd22
L__Lcd_Cmd21:
0x003E	0x1303      	BCF        STATUS, 6
0x003F	0x1788      	BSF        LCD_D7, BitPos(LCD_D7+0)
L__Lcd_Cmd22:
;__Lib_Lcd.c,21 :: 		
0x0040	0x1703      	BSF        STATUS, 6
0x0041	0x1B18      	BTFSC      FARG_Lcd_Cmd_out_char, 6
0x0042	0x2846      	GOTO       L__Lcd_Cmd23
0x0043	0x1303      	BCF        STATUS, 6
0x0044	0x1308      	BCF        LCD_D6, BitPos(LCD_D6+0)
0x0045	0x2848      	GOTO       L__Lcd_Cmd24
L__Lcd_Cmd23:
0x0046	0x1303      	BCF        STATUS, 6
0x0047	0x1708      	BSF        LCD_D6, BitPos(LCD_D6+0)
L__Lcd_Cmd24:
;__Lib_Lcd.c,22 :: 		
0x0048	0x1703      	BSF        STATUS, 6
0x0049	0x1A98      	BTFSC      FARG_Lcd_Cmd_out_char, 5
0x004A	0x284E      	GOTO       L__Lcd_Cmd25
0x004B	0x1303      	BCF        STATUS, 6
0x004C	0x1288      	BCF        LCD_D5, BitPos(LCD_D5+0)
0x004D	0x2850      	GOTO       L__Lcd_Cmd26
L__Lcd_Cmd25:
0x004E	0x1303      	BCF        STATUS, 6
0x004F	0x1688      	BSF        LCD_D5, BitPos(LCD_D5+0)
L__Lcd_Cmd26:
;__Lib_Lcd.c,23 :: 		
0x0050	0x1703      	BSF        STATUS, 6
0x0051	0x1A18      	BTFSC      FARG_Lcd_Cmd_out_char, 4
0x0052	0x2856      	GOTO       L__Lcd_Cmd27
0x0053	0x1303      	BCF        STATUS, 6
0x0054	0x1208      	BCF        LCD_D4, BitPos(LCD_D4+0)
0x0055	0x2858      	GOTO       L__Lcd_Cmd28
L__Lcd_Cmd27:
0x0056	0x1303      	BCF        STATUS, 6
0x0057	0x1608      	BSF        LCD_D4, BitPos(LCD_D4+0)
L__Lcd_Cmd28:
;__Lib_Lcd.c,25 :: 		
0x0058	0x1683      	BSF        STATUS, 5
0x0059	0x1867      	BTFSC      __Lib_Lcd_cmd_status, BitPos(__Lib_Lcd_cmd_status+0)
0x005A	0x285E      	GOTO       L__Lcd_Cmd29
0x005B	0x1283      	BCF        STATUS, 5
0x005C	0x1607      	BSF        LCD_RS, BitPos(LCD_RS+0)
0x005D	0x2860      	GOTO       L__Lcd_Cmd30
L__Lcd_Cmd29:
0x005E	0x1283      	BCF        STATUS, 5
0x005F	0x1207      	BCF        LCD_RS, BitPos(LCD_RS+0)
L__Lcd_Cmd30:
;__Lib_Lcd.c,28 :: 		
0x0060	0x1707      	BSF        LCD_EN, BitPos(LCD_EN+0)
;__Lib_Lcd.c,29 :: 		
0x0061	0x2003      	CALL       _Delay_1us
;__Lib_Lcd.c,30 :: 		
0x0062	0x1307      	BCF        LCD_EN, BitPos(LCD_EN+0)
;__Lib_Lcd.c,33 :: 		
0x0063	0x1703      	BSF        STATUS, 6
0x0064	0x1998      	BTFSC      FARG_Lcd_Cmd_out_char, 3
0x0065	0x2869      	GOTO       L__Lcd_Cmd31
0x0066	0x1303      	BCF        STATUS, 6
0x0067	0x1388      	BCF        LCD_D7, BitPos(LCD_D7+0)
0x0068	0x286B      	GOTO       L__Lcd_Cmd32
L__Lcd_Cmd31:
0x0069	0x1303      	BCF        STATUS, 6
0x006A	0x1788      	BSF        LCD_D7, BitPos(LCD_D7+0)
L__Lcd_Cmd32:
;__Lib_Lcd.c,34 :: 		
0x006B	0x1703      	BSF        STATUS, 6
0x006C	0x1918      	BTFSC      FARG_Lcd_Cmd_out_char, 2
0x006D	0x2871      	GOTO       L__Lcd_Cmd33
0x006E	0x1303      	BCF        STATUS, 6
0x006F	0x1308      	BCF        LCD_D6, BitPos(LCD_D6+0)
0x0070	0x2873      	GOTO       L__Lcd_Cmd34
L__Lcd_Cmd33:
0x0071	0x1303      	BCF        STATUS, 6
0x0072	0x1708      	BSF        LCD_D6, BitPos(LCD_D6+0)
L__Lcd_Cmd34:
;__Lib_Lcd.c,35 :: 		
0x0073	0x1703      	BSF        STATUS, 6
0x0074	0x1898      	BTFSC      FARG_Lcd_Cmd_out_char, 1
0x0075	0x2879      	GOTO       L__Lcd_Cmd35
0x0076	0x1303      	BCF        STATUS, 6
0x0077	0x1288      	BCF        LCD_D5, BitPos(LCD_D5+0)
0x0078	0x287B      	GOTO       L__Lcd_Cmd36
L__Lcd_Cmd35:
0x0079	0x1303      	BCF        STATUS, 6
0x007A	0x1688      	BSF        LCD_D5, BitPos(LCD_D5+0)
L__Lcd_Cmd36:
;__Lib_Lcd.c,36 :: 		
0x007B	0x1703      	BSF        STATUS, 6
0x007C	0x1818      	BTFSC      FARG_Lcd_Cmd_out_char, 0
0x007D	0x2881      	GOTO       L__Lcd_Cmd37
0x007E	0x1303      	BCF        STATUS, 6
0x007F	0x1208      	BCF        LCD_D4, BitPos(LCD_D4+0)
0x0080	0x2883      	GOTO       L__Lcd_Cmd38
L__Lcd_Cmd37:
0x0081	0x1303      	BCF        STATUS, 6
0x0082	0x1608      	BSF        LCD_D4, BitPos(LCD_D4+0)
L__Lcd_Cmd38:
;__Lib_Lcd.c,38 :: 		
0x0083	0x1683      	BSF        STATUS, 5
0x0084	0x1867      	BTFSC      __Lib_Lcd_cmd_status, BitPos(__Lib_Lcd_cmd_status+0)
0x0085	0x2889      	GOTO       L__Lcd_Cmd39
0x0086	0x1283      	BCF        STATUS, 5
0x0087	0x1607      	BSF        LCD_RS, BitPos(LCD_RS+0)
0x0088	0x288B      	GOTO       L__Lcd_Cmd40
L__Lcd_Cmd39:
0x0089	0x1283      	BCF        STATUS, 5
0x008A	0x1207      	BCF        LCD_RS, BitPos(LCD_RS+0)
L__Lcd_Cmd40:
;__Lib_Lcd.c,40 :: 		
0x008B	0x1707      	BSF        LCD_EN, BitPos(LCD_EN+0)
;__Lib_Lcd.c,41 :: 		
0x008C	0x2003      	CALL       _Delay_1us
;__Lib_Lcd.c,42 :: 		
0x008D	0x1307      	BCF        LCD_EN, BitPos(LCD_EN+0)
;__Lib_Lcd.c,44 :: 		
0x008E	0x1683      	BSF        STATUS, 5
0x008F	0x1C67      	BTFSS      __Lib_Lcd_cmd_status, BitPos(__Lib_Lcd_cmd_status+0)
0x0090	0x2893      	GOTO       L_Lcd_Cmd0
;__Lib_Lcd.c,45 :: 		
0x0091	0x2006      	CALL       _Delay_5500us
0x0092	0x2894      	GOTO       L_Lcd_Cmd1
L_Lcd_Cmd0:
;__Lib_Lcd.c,47 :: 		
0x0093	0x2013      	CALL       _Delay_50us
L_Lcd_Cmd1:
;__Lib_Lcd.c,48 :: 		
L_end_Lcd_Cmd:
0x0094	0x0008      	RETURN
; end of _Lcd_Cmd
_____DoICP:
;__Lib_System.c,6 :: 		
;__Lib_System.c,9 :: 		
0x0095	0x1683      	BSF        STATUS, 5
0x0096	0x1303      	BCF        STATUS, 6
0x0097	0x0869      	MOVF       ___DoICPAddr+1, 0
0x0098	0x008A      	MOVWF      PCLATH
;__Lib_System.c,10 :: 		
0x0099	0x0868      	MOVF       ___DoICPAddr, 0
0x009A	0x0082      	MOVWF      PCL
;__Lib_System.c,12 :: 		
L_end_____DoICP:
0x009B	0x0008      	RETURN
; end of _____DoICP
_Lcd_Chr_CP:
;__Lib_Lcd.c,50 :: 		
;__Lib_Lcd.c,52 :: 		
0x009C	0x1683      	BSF        STATUS, 5
0x009D	0x1303      	BCF        STATUS, 6
0x009E	0x1067      	BCF        __Lib_Lcd_cmd_status, BitPos(__Lib_Lcd_cmd_status+0)
;__Lib_Lcd.c,53 :: 		
0x009F	0x086F      	MOVF       FARG_Lcd_Chr_CP_out_char, 0
0x00A0	0x1283      	BCF        STATUS, 5
0x00A1	0x1703      	BSF        STATUS, 6
0x00A2	0x0098      	MOVWF      FARG_Lcd_Cmd_out_char
0x00A3	0x2037      	CALL       _Lcd_Cmd
;__Lib_Lcd.c,54 :: 		
0x00A4	0x1683      	BSF        STATUS, 5
0x00A5	0x1467      	BSF        __Lib_Lcd_cmd_status, BitPos(__Lib_Lcd_cmd_status+0)
;__Lib_Lcd.c,55 :: 		
L_end_Lcd_Chr_CP:
0x00A6	0x0008      	RETURN
; end of _Lcd_Chr_CP
_WordToStr:
;__Lib_Conversions.c,98 :: 		
;__Lib_Conversions.c,103 :: 		
0x00A7	0x1683      	BSF        STATUS, 5
0x00A8	0x1303      	BCF        STATUS, 6
0x00A9	0x01EF      	CLRF       WordToStr_len_L0
L_WordToStr11:
0x00AA	0x3005      	MOVLW      5
0x00AB	0x026F      	SUBWF      WordToStr_len_L0, 0
0x00AC	0x1803      	BTFSC      STATUS, 0
0x00AD	0x28B9      	GOTO       L_WordToStr12
;__Lib_Conversions.c,104 :: 		
0x00AE	0x086F      	MOVF       WordToStr_len_L0, 0
0x00AF	0x1283      	BCF        STATUS, 5
0x00B0	0x1703      	BSF        STATUS, 6
0x00B1	0x0716      	ADDWF      FARG_WordToStr_output, 0
0x00B2	0x0084      	MOVWF      FSR
0x00B3	0x3020      	MOVLW      32
0x00B4	0x0080      	MOVWF      INDF
;__Lib_Conversions.c,103 :: 		
0x00B5	0x1683      	BSF        STATUS, 5
0x00B6	0x1303      	BCF        STATUS, 6
0x00B7	0x0AEF      	INCF       WordToStr_len_L0, 1
;__Lib_Conversions.c,104 :: 		
0x00B8	0x28AA      	GOTO       L_WordToStr11
L_WordToStr12:
;__Lib_Conversions.c,105 :: 		
0x00B9	0x086F      	MOVF       WordToStr_len_L0, 0
0x00BA	0x1283      	BCF        STATUS, 5
0x00BB	0x1703      	BSF        STATUS, 6
0x00BC	0x0716      	ADDWF      FARG_WordToStr_output, 0
0x00BD	0x0084      	MOVWF      FSR
0x00BE	0x0180      	CLRF       INDF
0x00BF	0x1683      	BSF        STATUS, 5
0x00C0	0x1303      	BCF        STATUS, 6
0x00C1	0x03EF      	DECF       WordToStr_len_L0, 1
;__Lib_Conversions.c,107 :: 		
L_WordToStr14:
;__Lib_Conversions.c,108 :: 		
0x00C2	0x086F      	MOVF       WordToStr_len_L0, 0
0x00C3	0x1283      	BCF        STATUS, 5
0x00C4	0x1703      	BSF        STATUS, 6
0x00C5	0x0716      	ADDWF      FARG_WordToStr_output, 0
0x00C6	0x0097      	MOVWF      FLOC__WordToStr
0x00C7	0x300A      	MOVLW      10
0x00C8	0x00F4      	MOVWF      R4
0x00C9	0x01F5      	CLRF       R4+1
0x00CA	0x0814      	MOVF       FARG_WordToStr_input, 0
0x00CB	0x00F0      	MOVWF      R0
0x00CC	0x0815      	MOVF       FARG_WordToStr_input+1, 0
0x00CD	0x00F1      	MOVWF      R0+1
0x00CE	0x201A      	CALL       _Div_16X16_U
0x00CF	0x0878      	MOVF       R8, 0
0x00D0	0x00F0      	MOVWF      R0
0x00D1	0x0879      	MOVF       R8+1, 0
0x00D2	0x00F1      	MOVWF      R0+1
0x00D3	0x3030      	MOVLW      48
0x00D4	0x07F0      	ADDWF      R0, 1
0x00D5	0x1703      	BSF        STATUS, 6
0x00D6	0x0817      	MOVF       FLOC__WordToStr, 0
0x00D7	0x0084      	MOVWF      FSR
0x00D8	0x0870      	MOVF       R0, 0
0x00D9	0x0080      	MOVWF      INDF
;__Lib_Conversions.c,109 :: 		
0x00DA	0x300A      	MOVLW      10
0x00DB	0x00F4      	MOVWF      R4
0x00DC	0x01F5      	CLRF       R4+1
0x00DD	0x0814      	MOVF       FARG_WordToStr_input, 0
0x00DE	0x00F0      	MOVWF      R0
0x00DF	0x0815      	MOVF       FARG_WordToStr_input+1, 0
0x00E0	0x00F1      	MOVWF      R0+1
0x00E1	0x201A      	CALL       _Div_16X16_U
0x00E2	0x0870      	MOVF       R0, 0
0x00E3	0x1703      	BSF        STATUS, 6
0x00E4	0x0094      	MOVWF      FARG_WordToStr_input
0x00E5	0x0871      	MOVF       R0+1, 0
0x00E6	0x0095      	MOVWF      FARG_WordToStr_input+1
;__Lib_Conversions.c,110 :: 		
0x00E7	0x3000      	MOVLW      0
0x00E8	0x0671      	XORWF      R0+1, 0
0x00E9	0x1D03      	BTFSS      STATUS, 2
0x00EA	0x28ED      	GOTO       L__WordToStr379
0x00EB	0x3000      	MOVLW      0
0x00EC	0x0670      	XORWF      R0, 0
L__WordToStr379:
0x00ED	0x1D03      	BTFSS      STATUS, 2
0x00EE	0x28F0      	GOTO       L_WordToStr16
;__Lib_Conversions.c,111 :: 		
0x00EF	0x28F4      	GOTO       L_WordToStr15
L_WordToStr16:
;__Lib_Conversions.c,112 :: 		
0x00F0	0x1683      	BSF        STATUS, 5
0x00F1	0x1303      	BCF        STATUS, 6
0x00F2	0x03EF      	DECF       WordToStr_len_L0, 1
;__Lib_Conversions.c,113 :: 		
0x00F3	0x28C2      	GOTO       L_WordToStr14
L_WordToStr15:
;__Lib_Conversions.c,114 :: 		
L_end_WordToStr:
0x00F4	0x0008      	RETURN
; end of _WordToStr
_Delay_22us:
;__Lib_Delays.c,15 :: 		void Delay_22us() {
;__Lib_Delays.c,16 :: 		Delay_us(22);
0x00F5	0x300E      	MOVLW      14
0x00F6	0x1283      	BCF        STATUS, 5
0x00F7	0x1303      	BCF        STATUS, 6
0x00F8	0x00FD      	MOVWF      R13
L_Delay_22us1:
0x00F9	0x0BFD      	DECFSZ     R13, 1
0x00FA	0x28F9      	GOTO       L_Delay_22us1
0x00FB	0x0000      	NOP
;__Lib_Delays.c,17 :: 		}
L_end_Delay_22us:
0x00FC	0x0008      	RETURN
; end of _Delay_22us
_ADC_Read:
;__Lib_ADC_88X.c,78 :: 		
;__Lib_ADC_88X.c,80 :: 		
0x00FD	0x30C3      	MOVLW      195
0x00FE	0x1283      	BCF        STATUS, 5
0x00FF	0x1303      	BCF        STATUS, 6
0x0100	0x059F      	ANDWF      ADCON0, 1
;__Lib_ADC_88X.c,84 :: 		
0x0101	0x30C0      	MOVLW      192
0x0102	0x009F      	MOVWF      ADCON0
;__Lib_ADC_88X.c,85 :: 		
0x0103	0x1683      	BSF        STATUS, 5
0x0104	0x086A      	MOVF       FARG_ADC_Read_channel, 0
0x0105	0x00F0      	MOVWF      R0
0x0106	0x0DF0      	RLF        R0, 1
0x0107	0x1070      	BCF        R0, 0
0x0108	0x0DF0      	RLF        R0, 1
0x0109	0x1070      	BCF        R0, 0
0x010A	0x0870      	MOVF       R0, 0
0x010B	0x1283      	BCF        STATUS, 5
0x010C	0x049F      	IORWF      ADCON0, 1
;__Lib_ADC_88X.c,86 :: 		
0x010D	0x096C      	COMF       _vref_mask, 0
0x010E	0x00F0      	MOVWF      R0
0x010F	0x0870      	MOVF       R0, 0
0x0110	0x1683      	BSF        STATUS, 5
0x0111	0x059F      	ANDWF      ADCON1, 1
;__Lib_ADC_88X.c,87 :: 		
0x0112	0x179F      	BSF        ADCON1, 7
;__Lib_ADC_88X.c,90 :: 		
0x0113	0x1283      	BCF        STATUS, 5
0x0114	0x141F      	BSF        ADCON0, 0
;__Lib_ADC_88X.c,93 :: 		
0x0115	0x20F5      	CALL       _Delay_22us
;__Lib_ADC_88X.c,96 :: 		
0x0116	0x149F      	BSF        ADCON0, 1
;__Lib_ADC_88X.c,99 :: 		
L_ADC_Read2:
0x0117	0x1C9F      	BTFSS      ADCON0, 1
0x0118	0x291B      	GOTO       L_ADC_Read3
;__Lib_ADC_88X.c,100 :: 		
0x0119	0x0000      	NOP
0x011A	0x2917      	GOTO       L_ADC_Read2
L_ADC_Read3:
;__Lib_ADC_88X.c,103 :: 		
0x011B	0x101F      	BCF        ADCON0, 0
;__Lib_ADC_88X.c,106 :: 		
0x011C	0x081E      	MOVF       ADRESH, 0
0x011D	0x00F1      	MOVWF      R0+1
0x011E	0x01F0      	CLRF       R0
0x011F	0x1683      	BSF        STATUS, 5
0x0120	0x081E      	MOVF       ADRESL, 0
0x0121	0x04F0      	IORWF      R0, 1
0x0122	0x3000      	MOVLW      0
0x0123	0x04F1      	IORWF      R0+1, 1
;__Lib_ADC_88X.c,107 :: 		
L_end_ADC_Read:
0x0124	0x0008      	RETURN
; end of _ADC_Read
_Lcd_Out:
;__Lib_Lcd.c,184 :: 		
;__Lib_Lcd.c,187 :: 		
0x0125	0x2937      	GOTO       L_Lcd_Out11
;__Lib_Lcd.c,188 :: 		
L_Lcd_Out13:
0x0126	0x3080      	MOVLW      128
0x0127	0x1683      	BSF        STATUS, 5
0x0128	0x1303      	BCF        STATUS, 6
0x0129	0x00EA      	MOVWF      FARG_Lcd_Out_row
0x012A	0x294A      	GOTO       L_Lcd_Out12
;__Lib_Lcd.c,189 :: 		
L_Lcd_Out14:
0x012B	0x30C0      	MOVLW      192
0x012C	0x00EA      	MOVWF      FARG_Lcd_Out_row
0x012D	0x294A      	GOTO       L_Lcd_Out12
;__Lib_Lcd.c,190 :: 		
L_Lcd_Out15:
0x012E	0x3094      	MOVLW      148
0x012F	0x00EA      	MOVWF      FARG_Lcd_Out_row
0x0130	0x294A      	GOTO       L_Lcd_Out12
;__Lib_Lcd.c,191 :: 		
L_Lcd_Out16:
0x0131	0x30D4      	MOVLW      212
0x0132	0x00EA      	MOVWF      FARG_Lcd_Out_row
0x0133	0x294A      	GOTO       L_Lcd_Out12
;__Lib_Lcd.c,192 :: 		
L_Lcd_Out17:
0x0134	0x3080      	MOVLW      128
0x0135	0x00EA      	MOVWF      FARG_Lcd_Out_row
;__Lib_Lcd.c,193 :: 		
0x0136	0x294A      	GOTO       L_Lcd_Out12
L_Lcd_Out11:
0x0137	0x1683      	BSF        STATUS, 5
0x0138	0x1303      	BCF        STATUS, 6
0x0139	0x086A      	MOVF       FARG_Lcd_Out_row, 0
0x013A	0x3A01      	XORLW      1
0x013B	0x1903      	BTFSC      STATUS, 2
0x013C	0x2926      	GOTO       L_Lcd_Out13
0x013D	0x086A      	MOVF       FARG_Lcd_Out_row, 0
0x013E	0x3A02      	XORLW      2
0x013F	0x1903      	BTFSC      STATUS, 2
0x0140	0x292B      	GOTO       L_Lcd_Out14
0x0141	0x086A      	MOVF       FARG_Lcd_Out_row, 0
0x0142	0x3A03      	XORLW      3
0x0143	0x1903      	BTFSC      STATUS, 2
0x0144	0x292E      	GOTO       L_Lcd_Out15
0x0145	0x086A      	MOVF       FARG_Lcd_Out_row, 0
0x0146	0x3A04      	XORLW      4
0x0147	0x1903      	BTFSC      STATUS, 2
0x0148	0x2931      	GOTO       L_Lcd_Out16
0x0149	0x2934      	GOTO       L_Lcd_Out17
L_Lcd_Out12:
;__Lib_Lcd.c,194 :: 		
0x014A	0x036B      	DECF       FARG_Lcd_Out_column, 0
0x014B	0x00F0      	MOVWF      R0
0x014C	0x086A      	MOVF       FARG_Lcd_Out_row, 0
0x014D	0x07F0      	ADDWF      R0, 1
0x014E	0x0870      	MOVF       R0, 0
0x014F	0x00EA      	MOVWF      FARG_Lcd_Out_row
;__Lib_Lcd.c,196 :: 		
0x0150	0x0870      	MOVF       R0, 0
0x0151	0x1283      	BCF        STATUS, 5
0x0152	0x1703      	BSF        STATUS, 6
0x0153	0x0098      	MOVWF      FARG_Lcd_Cmd_out_char
0x0154	0x2037      	CALL       _Lcd_Cmd
;__Lib_Lcd.c,197 :: 		
0x0155	0x1683      	BSF        STATUS, 5
0x0156	0x1067      	BCF        __Lib_Lcd_cmd_status, BitPos(__Lib_Lcd_cmd_status+0)
;__Lib_Lcd.c,198 :: 		
0x0157	0x01ED      	CLRF       Lcd_Out_i_L0
;__Lib_Lcd.c,199 :: 		
L_Lcd_Out18:
0x0158	0x086D      	MOVF       Lcd_Out_i_L0, 0
0x0159	0x076C      	ADDWF      FARG_Lcd_Out_text, 0
0x015A	0x0084      	MOVWF      FSR
0x015B	0x0800      	MOVF       INDF, 0
0x015C	0x1903      	BTFSC      STATUS, 2
0x015D	0x2966      	GOTO       L_Lcd_Out19
;__Lib_Lcd.c,200 :: 		
0x015E	0x086D      	MOVF       Lcd_Out_i_L0, 0
0x015F	0x076C      	ADDWF      FARG_Lcd_Out_text, 0
0x0160	0x0084      	MOVWF      FSR
0x0161	0x0800      	MOVF       INDF, 0
0x0162	0x00EF      	MOVWF      FARG_Lcd_Chr_CP_out_char
0x0163	0x209C      	CALL       _Lcd_Chr_CP
0x0164	0x0AED      	INCF       Lcd_Out_i_L0, 1
0x0165	0x2958      	GOTO       L_Lcd_Out18
L_Lcd_Out19:
;__Lib_Lcd.c,201 :: 		
0x0166	0x1467      	BSF        __Lib_Lcd_cmd_status, BitPos(__Lib_Lcd_cmd_status+0)
;__Lib_Lcd.c,202 :: 		
L_end_Lcd_Out:
0x0167	0x0008      	RETURN
; end of _Lcd_Out
_IntToStr:
;__Lib_Conversions.c,195 :: 		
;__Lib_Conversions.c,201 :: 		
0x0168	0x1283      	BCF        STATUS, 5
0x0169	0x1703      	BSF        STATUS, 6
0x016A	0x0190      	CLRF       IntToStr_negative_L0
0x016B	0x0191      	CLRF       IntToStr_negative_L0+1
;__Lib_Conversions.c,202 :: 		
0x016C	0x1683      	BSF        STATUS, 5
0x016D	0x1303      	BCF        STATUS, 6
0x016E	0x086A      	MOVF       FARG_IntToStr_input, 0
0x016F	0x1283      	BCF        STATUS, 5
0x0170	0x1703      	BSF        STATUS, 6
0x0171	0x0092      	MOVWF      IntToStr_inword_L0
0x0172	0x1683      	BSF        STATUS, 5
0x0173	0x1303      	BCF        STATUS, 6
0x0174	0x086B      	MOVF       FARG_IntToStr_input+1, 0
0x0175	0x1283      	BCF        STATUS, 5
0x0176	0x1703      	BSF        STATUS, 6
0x0177	0x0093      	MOVWF      IntToStr_inword_L0+1
;__Lib_Conversions.c,203 :: 		
0x0178	0x3080      	MOVLW      128
0x0179	0x1683      	BSF        STATUS, 5
0x017A	0x1303      	BCF        STATUS, 6
0x017B	0x066B      	XORWF      FARG_IntToStr_input+1, 0
0x017C	0x00F0      	MOVWF      R0
0x017D	0x3080      	MOVLW      128
0x017E	0x0270      	SUBWF      R0, 0
0x017F	0x1D03      	BTFSS      STATUS, 2
0x0180	0x2983      	GOTO       L__IntToStr387
0x0181	0x3000      	MOVLW      0
0x0182	0x026A      	SUBWF      FARG_IntToStr_input, 0
L__IntToStr387:
0x0183	0x1803      	BTFSC      STATUS, 0
0x0184	0x299B      	GOTO       L_IntToStr37
;__Lib_Conversions.c,204 :: 		
0x0185	0x3001      	MOVLW      1
0x0186	0x1283      	BCF        STATUS, 5
0x0187	0x1703      	BSF        STATUS, 6
0x0188	0x0090      	MOVWF      IntToStr_negative_L0
0x0189	0x3000      	MOVLW      0
0x018A	0x0091      	MOVWF      IntToStr_negative_L0+1
;__Lib_Conversions.c,205 :: 		
0x018B	0x1683      	BSF        STATUS, 5
0x018C	0x1303      	BCF        STATUS, 6
0x018D	0x086A      	MOVF       FARG_IntToStr_input, 0
0x018E	0x3C00      	SUBLW      0
0x018F	0x1283      	BCF        STATUS, 5
0x0190	0x1703      	BSF        STATUS, 6
0x0191	0x0092      	MOVWF      IntToStr_inword_L0
0x0192	0x1683      	BSF        STATUS, 5
0x0193	0x1303      	BCF        STATUS, 6
0x0194	0x086B      	MOVF       FARG_IntToStr_input+1, 0
0x0195	0x1C03      	BTFSS      STATUS, 0
0x0196	0x3E01      	ADDLW      1
0x0197	0x1283      	BCF        STATUS, 5
0x0198	0x1703      	BSF        STATUS, 6
0x0199	0x0193      	CLRF       IntToStr_inword_L0+1
0x019A	0x0293      	SUBWF      IntToStr_inword_L0+1, 1
;__Lib_Conversions.c,206 :: 		
L_IntToStr37:
0x019B	0x1283      	BCF        STATUS, 5
0x019C	0x1703      	BSF        STATUS, 6
;__Lib_Conversions.c,207 :: 		
0x019D	0x0812      	MOVF       IntToStr_inword_L0, 0
0x019E	0x0094      	MOVWF      FARG_WordToStr_input
0x019F	0x0813      	MOVF       IntToStr_inword_L0+1, 0
0x01A0	0x0095      	MOVWF      FARG_WordToStr_input+1
0x01A1	0x1683      	BSF        STATUS, 5
0x01A2	0x1303      	BCF        STATUS, 6
0x01A3	0x086C      	MOVF       FARG_IntToStr_output, 0
0x01A4	0x1283      	BCF        STATUS, 5
0x01A5	0x1703      	BSF        STATUS, 6
0x01A6	0x0096      	MOVWF      FARG_WordToStr_output
0x01A7	0x20A7      	CALL       _WordToStr
;__Lib_Conversions.c,209 :: 		
0x01A8	0x3006      	MOVLW      6
0x01A9	0x1683      	BSF        STATUS, 5
0x01AA	0x1303      	BCF        STATUS, 6
0x01AB	0x00ED      	MOVWF      IntToStr_i_L0
0x01AC	0x3000      	MOVLW      0
0x01AD	0x00EE      	MOVWF      IntToStr_i_L0+1
;__Lib_Conversions.c,210 :: 		
L_IntToStr38:
0x01AE	0x086E      	MOVF       IntToStr_i_L0+1, 0
0x01AF	0x3C00      	SUBLW      0
0x01B0	0x1D03      	BTFSS      STATUS, 2
0x01B1	0x29B4      	GOTO       L__IntToStr388
0x01B2	0x086D      	MOVF       IntToStr_i_L0, 0
0x01B3	0x3C00      	SUBLW      0
L__IntToStr388:
0x01B4	0x1803      	BTFSC      STATUS, 0
0x01B5	0x29CF      	GOTO       L_IntToStr39
;__Lib_Conversions.c,211 :: 		
0x01B6	0x086D      	MOVF       IntToStr_i_L0, 0
0x01B7	0x076C      	ADDWF      FARG_IntToStr_output, 0
0x01B8	0x00F2      	MOVWF      R2
0x01B9	0x3001      	MOVLW      1
0x01BA	0x026D      	SUBWF      IntToStr_i_L0, 0
0x01BB	0x00F0      	MOVWF      R0
0x01BC	0x3000      	MOVLW      0
0x01BD	0x1C03      	BTFSS      STATUS, 0
0x01BE	0x3E01      	ADDLW      1
0x01BF	0x026E      	SUBWF      IntToStr_i_L0+1, 0
0x01C0	0x00F1      	MOVWF      R0+1
0x01C1	0x0870      	MOVF       R0, 0
0x01C2	0x076C      	ADDWF      FARG_IntToStr_output, 0
0x01C3	0x0084      	MOVWF      FSR
0x01C4	0x0800      	MOVF       INDF, 0
0x01C5	0x00F0      	MOVWF      R0
0x01C6	0x0872      	MOVF       R2, 0
0x01C7	0x0084      	MOVWF      FSR
0x01C8	0x0870      	MOVF       R0, 0
0x01C9	0x0080      	MOVWF      INDF
;__Lib_Conversions.c,212 :: 		
0x01CA	0x3001      	MOVLW      1
0x01CB	0x02ED      	SUBWF      IntToStr_i_L0, 1
0x01CC	0x1C03      	BTFSS      STATUS, 0
0x01CD	0x03EE      	DECF       IntToStr_i_L0+1, 1
;__Lib_Conversions.c,213 :: 		
0x01CE	0x29AE      	GOTO       L_IntToStr38
L_IntToStr39:
;__Lib_Conversions.c,214 :: 		
0x01CF	0x086C      	MOVF       FARG_IntToStr_output, 0
0x01D0	0x0084      	MOVWF      FSR
0x01D1	0x3020      	MOVLW      32
0x01D2	0x0080      	MOVWF      INDF
;__Lib_Conversions.c,215 :: 		
0x01D3	0x1283      	BCF        STATUS, 5
0x01D4	0x1703      	BSF        STATUS, 6
0x01D5	0x0810      	MOVF       IntToStr_negative_L0, 0
0x01D6	0x0411      	IORWF      IntToStr_negative_L0+1, 0
0x01D7	0x1903      	BTFSC      STATUS, 2
0x01D8	0x29F1      	GOTO       L_IntToStr40
;__Lib_Conversions.c,216 :: 		
0x01D9	0x1683      	BSF        STATUS, 5
0x01DA	0x1303      	BCF        STATUS, 6
0x01DB	0x01ED      	CLRF       IntToStr_i_L0
0x01DC	0x01EE      	CLRF       IntToStr_i_L0+1
;__Lib_Conversions.c,217 :: 		
L_IntToStr41:
0x01DD	0x086D      	MOVF       IntToStr_i_L0, 0
0x01DE	0x076C      	ADDWF      FARG_IntToStr_output, 0
0x01DF	0x0084      	MOVWF      FSR
0x01E0	0x0800      	MOVF       INDF, 0
0x01E1	0x3A20      	XORLW      32
0x01E2	0x1D03      	BTFSS      STATUS, 2
0x01E3	0x29E8      	GOTO       L_IntToStr42
0x01E4	0x0AED      	INCF       IntToStr_i_L0, 1
0x01E5	0x1903      	BTFSC      STATUS, 2
0x01E6	0x0AEE      	INCF       IntToStr_i_L0+1, 1
0x01E7	0x29DD      	GOTO       L_IntToStr41
L_IntToStr42:
;__Lib_Conversions.c,218 :: 		
0x01E8	0x3001      	MOVLW      1
0x01E9	0x02ED      	SUBWF      IntToStr_i_L0, 1
0x01EA	0x1C03      	BTFSS      STATUS, 0
0x01EB	0x03EE      	DECF       IntToStr_i_L0+1, 1
;__Lib_Conversions.c,219 :: 		
0x01EC	0x086D      	MOVF       IntToStr_i_L0, 0
0x01ED	0x076C      	ADDWF      FARG_IntToStr_output, 0
0x01EE	0x0084      	MOVWF      FSR
0x01EF	0x302D      	MOVLW      45
0x01F0	0x0080      	MOVWF      INDF
L_IntToStr40:
;__Lib_Conversions.c,220 :: 		
L_end_IntToStr:
0x01F1	0x0008      	RETURN
; end of _IntToStr
_Lcd_Init:
;__Lib_Lcd.c,84 :: 		
;__Lib_Lcd.c,86 :: 		
0x01F2	0x1683      	BSF        STATUS, 5
0x01F3	0x1303      	BCF        STATUS, 6
0x01F4	0x1307      	BCF        LCD_EN_Direction, BitPos(LCD_EN_Direction+0)
;__Lib_Lcd.c,87 :: 		
0x01F5	0x1207      	BCF        LCD_RS_Direction, BitPos(LCD_RS_Direction+0)
;__Lib_Lcd.c,88 :: 		
0x01F6	0x1208      	BCF        LCD_D4_Direction, BitPos(LCD_D4_Direction+0)
;__Lib_Lcd.c,89 :: 		
0x01F7	0x1288      	BCF        LCD_D5_Direction, BitPos(LCD_D5_Direction+0)
;__Lib_Lcd.c,90 :: 		
0x01F8	0x1308      	BCF        LCD_D6_Direction, BitPos(LCD_D6_Direction+0)
;__Lib_Lcd.c,91 :: 		
0x01F9	0x1388      	BCF        LCD_D7_Direction, BitPos(LCD_D7_Direction+0)
;__Lib_Lcd.c,93 :: 		
0x01FA	0x1283      	BCF        STATUS, 5
0x01FB	0x1307      	BCF        LCD_EN, BitPos(LCD_EN+0)
;__Lib_Lcd.c,94 :: 		
0x01FC	0x1207      	BCF        LCD_RS, BitPos(LCD_RS+0)
;__Lib_Lcd.c,95 :: 		
0x01FD	0x1388      	BCF        LCD_D7, BitPos(LCD_D7+0)
;__Lib_Lcd.c,96 :: 		
0x01FE	0x1308      	BCF        LCD_D6, BitPos(LCD_D6+0)
;__Lib_Lcd.c,97 :: 		
0x01FF	0x1288      	BCF        LCD_D5, BitPos(LCD_D5+0)
;__Lib_Lcd.c,98 :: 		
0x0200	0x1208      	BCF        LCD_D4, BitPos(LCD_D4+0)
;__Lib_Lcd.c,100 :: 		
0x0201	0x2006      	CALL       _Delay_5500us
;__Lib_Lcd.c,101 :: 		
0x0202	0x2006      	CALL       _Delay_5500us
;__Lib_Lcd.c,102 :: 		
0x0203	0x2006      	CALL       _Delay_5500us
;__Lib_Lcd.c,105 :: 		
0x0204	0x1688      	BSF        LCD_D5, BitPos(LCD_D5+0)
;__Lib_Lcd.c,106 :: 		
0x0205	0x1608      	BSF        LCD_D4, BitPos(LCD_D4+0)
;__Lib_Lcd.c,107 :: 		
0x0206	0x1707      	BSF        LCD_EN, BitPos(LCD_EN+0)
;__Lib_Lcd.c,108 :: 		
0x0207	0x2003      	CALL       _Delay_1us
;__Lib_Lcd.c,109 :: 		
0x0208	0x1307      	BCF        LCD_EN, BitPos(LCD_EN+0)
;__Lib_Lcd.c,110 :: 		
0x0209	0x2006      	CALL       _Delay_5500us
;__Lib_Lcd.c,112 :: 		
0x020A	0x1707      	BSF        LCD_EN, BitPos(LCD_EN+0)
;__Lib_Lcd.c,113 :: 		
0x020B	0x2003      	CALL       _Delay_1us
;__Lib_Lcd.c,114 :: 		
0x020C	0x1307      	BCF        LCD_EN, BitPos(LCD_EN+0)
;__Lib_Lcd.c,115 :: 		
0x020D	0x2006      	CALL       _Delay_5500us
;__Lib_Lcd.c,117 :: 		
0x020E	0x1707      	BSF        LCD_EN, BitPos(LCD_EN+0)
;__Lib_Lcd.c,118 :: 		
0x020F	0x2003      	CALL       _Delay_1us
;__Lib_Lcd.c,119 :: 		
0x0210	0x1307      	BCF        LCD_EN, BitPos(LCD_EN+0)
;__Lib_Lcd.c,120 :: 		
0x0211	0x2006      	CALL       _Delay_5500us
;__Lib_Lcd.c,123 :: 		
0x0212	0x1208      	BCF        LCD_D4, BitPos(LCD_D4+0)
;__Lib_Lcd.c,124 :: 		
0x0213	0x1707      	BSF        LCD_EN, BitPos(LCD_EN+0)
;__Lib_Lcd.c,125 :: 		
0x0214	0x2003      	CALL       _Delay_1us
;__Lib_Lcd.c,126 :: 		
0x0215	0x1307      	BCF        LCD_EN, BitPos(LCD_EN+0)
;__Lib_Lcd.c,127 :: 		
0x0216	0x2006      	CALL       _Delay_5500us
;__Lib_Lcd.c,130 :: 		
0x0217	0x1707      	BSF        LCD_EN, BitPos(LCD_EN+0)
;__Lib_Lcd.c,131 :: 		
0x0218	0x2003      	CALL       _Delay_1us
;__Lib_Lcd.c,132 :: 		
0x0219	0x1307      	BCF        LCD_EN, BitPos(LCD_EN+0)
;__Lib_Lcd.c,134 :: 		
0x021A	0x1288      	BCF        LCD_D5, BitPos(LCD_D5+0)
;__Lib_Lcd.c,135 :: 		
0x021B	0x1788      	BSF        LCD_D7, BitPos(LCD_D7+0)
;__Lib_Lcd.c,136 :: 		
0x021C	0x1707      	BSF        LCD_EN, BitPos(LCD_EN+0)
;__Lib_Lcd.c,137 :: 		
0x021D	0x2003      	CALL       _Delay_1us
;__Lib_Lcd.c,138 :: 		
0x021E	0x1307      	BCF        LCD_EN, BitPos(LCD_EN+0)
;__Lib_Lcd.c,139 :: 		
0x021F	0x2006      	CALL       _Delay_5500us
;__Lib_Lcd.c,142 :: 		
0x0220	0x1388      	BCF        LCD_D7, BitPos(LCD_D7+0)
;__Lib_Lcd.c,143 :: 		
0x0221	0x1608      	BSF        LCD_D4, BitPos(LCD_D4+0)
;__Lib_Lcd.c,144 :: 		
0x0222	0x1707      	BSF        LCD_EN, BitPos(LCD_EN+0)
;__Lib_Lcd.c,145 :: 		
0x0223	0x2003      	CALL       _Delay_1us
;__Lib_Lcd.c,146 :: 		
0x0224	0x1307      	BCF        LCD_EN, BitPos(LCD_EN+0)
;__Lib_Lcd.c,148 :: 		
0x0225	0x1208      	BCF        LCD_D4, BitPos(LCD_D4+0)
;__Lib_Lcd.c,149 :: 		
0x0226	0x1707      	BSF        LCD_EN, BitPos(LCD_EN+0)
;__Lib_Lcd.c,150 :: 		
0x0227	0x2003      	CALL       _Delay_1us
;__Lib_Lcd.c,151 :: 		
0x0228	0x1307      	BCF        LCD_EN, BitPos(LCD_EN+0)
;__Lib_Lcd.c,152 :: 		
0x0229	0x2006      	CALL       _Delay_5500us
;__Lib_Lcd.c,155 :: 		
0x022A	0x1707      	BSF        LCD_EN, BitPos(LCD_EN+0)
;__Lib_Lcd.c,156 :: 		
0x022B	0x2003      	CALL       _Delay_1us
;__Lib_Lcd.c,157 :: 		
0x022C	0x1307      	BCF        LCD_EN, BitPos(LCD_EN+0)
;__Lib_Lcd.c,159 :: 		
0x022D	0x1608      	BSF        LCD_D4, BitPos(LCD_D4+0)
;__Lib_Lcd.c,160 :: 		
0x022E	0x1707      	BSF        LCD_EN, BitPos(LCD_EN+0)
;__Lib_Lcd.c,161 :: 		
0x022F	0x2003      	CALL       _Delay_1us
;__Lib_Lcd.c,162 :: 		
0x0230	0x1307      	BCF        LCD_EN, BitPos(LCD_EN+0)
;__Lib_Lcd.c,163 :: 		
0x0231	0x2006      	CALL       _Delay_5500us
;__Lib_Lcd.c,166 :: 		
0x0232	0x1208      	BCF        LCD_D4, BitPos(LCD_D4+0)
;__Lib_Lcd.c,167 :: 		
0x0233	0x1707      	BSF        LCD_EN, BitPos(LCD_EN+0)
;__Lib_Lcd.c,168 :: 		
0x0234	0x2003      	CALL       _Delay_1us
;__Lib_Lcd.c,169 :: 		
0x0235	0x1307      	BCF        LCD_EN, BitPos(LCD_EN+0)
;__Lib_Lcd.c,171 :: 		
0x0236	0x1788      	BSF        LCD_D7, BitPos(LCD_D7+0)
;__Lib_Lcd.c,172 :: 		
0x0237	0x1708      	BSF        LCD_D6, BitPos(LCD_D6+0)
;__Lib_Lcd.c,173 :: 		
0x0238	0x1688      	BSF        LCD_D5, BitPos(LCD_D5+0)
;__Lib_Lcd.c,174 :: 		
0x0239	0x1608      	BSF        LCD_D4, BitPos(LCD_D4+0)
;__Lib_Lcd.c,175 :: 		
0x023A	0x1707      	BSF        LCD_EN, BitPos(LCD_EN+0)
;__Lib_Lcd.c,176 :: 		
0x023B	0x2003      	CALL       _Delay_1us
;__Lib_Lcd.c,177 :: 		
0x023C	0x1307      	BCF        LCD_EN, BitPos(LCD_EN+0)
;__Lib_Lcd.c,179 :: 		
0x023D	0x2006      	CALL       _Delay_5500us
;__Lib_Lcd.c,181 :: 		
0x023E	0x1683      	BSF        STATUS, 5
0x023F	0x1467      	BSF        __Lib_Lcd_cmd_status, BitPos(__Lib_Lcd_cmd_status+0)
;__Lib_Lcd.c,182 :: 		
L_end_Lcd_Init:
0x0240	0x0008      	RETURN
; end of _Lcd_Init
___CC2DW:
;__Lib_System.c,134 :: 		
;__Lib_System.c,137 :: 		
_CC2D_Loop1:
;__Lib_System.c,139 :: 		
0x0241	0x2095      	CALL       _____DoICP
0x0242	0x118A      	BCF        PCLATH, 3
0x0243	0x120A      	BCF        PCLATH, 4
;__Lib_System.c,141 :: 		
0x0244	0x0080      	MOVWF      INDF
;__Lib_System.c,142 :: 		
0x0245	0x0A84      	INCF       FSR, 1
;__Lib_System.c,143 :: 		
0x0246	0x0AE8      	INCF       ___DoICPAddr, 1
;__Lib_System.c,145 :: 		
0x0247	0x1903      	BTFSC      STATUS, 2
;__Lib_System.c,146 :: 		
0x0248	0x0AE9      	INCF       ___DoICPAddr+1, 1
;__Lib_System.c,147 :: 		
0x0249	0x03F0      	DECF       R0, 1
;__Lib_System.c,149 :: 		
0x024A	0x1D03      	BTFSS      STATUS, 2
;__Lib_System.c,150 :: 		
0x024B	0x2A41      	GOTO       _CC2D_Loop1
;__Lib_System.c,152 :: 		
L_end___CC2DW:
0x024C	0x0008      	RETURN
; end of ___CC2DW
_main:
0x024D	0x2586      	CALL       1414
;MyProject.c,21 :: 		void main(){
;MyProject.c,22 :: 		ANSEL = 0x03;
0x024E	0x3003      	MOVLW      3
0x024F	0x1683      	BSF        STATUS, 5
0x0250	0x1703      	BSF        STATUS, 6
0x0251	0x0088      	MOVWF      ANSEL
;MyProject.c,23 :: 		ANSELH = 0;
0x0252	0x0189      	CLRF       ANSELH
;MyProject.c,24 :: 		C1ON_bit = 0;
0x0253	0x1283      	BCF        STATUS, 5
0x0254	0x1387      	BCF        C1ON_bit, BitPos(C1ON_bit+0)
;MyProject.c,25 :: 		C2ON_bit = 0;
0x0255	0x1388      	BCF        C2ON_bit, BitPos(C2ON_bit+0)
;MyProject.c,26 :: 		TRISD.B0=1;
0x0256	0x1683      	BSF        STATUS, 5
0x0257	0x1303      	BCF        STATUS, 6
0x0258	0x1408      	BSF        TRISD, 0
;MyProject.c,27 :: 		PORTD.B0=0;
0x0259	0x1283      	BCF        STATUS, 5
0x025A	0x1008      	BCF        PORTD, 0
;MyProject.c,28 :: 		TRISB = 0x00;
0x025B	0x1683      	BSF        STATUS, 5
0x025C	0x0186      	CLRF       TRISB
;MyProject.c,29 :: 		PORTB=0x01;
0x025D	0x3001      	MOVLW      1
0x025E	0x1283      	BCF        STATUS, 5
0x025F	0x0086      	MOVWF      PORTB
;MyProject.c,30 :: 		Lcd_Init();
0x0260	0x21F2      	CALL       _Lcd_Init
;MyProject.c,31 :: 		Lcd_Cmd(_LCD_CLEAR);
0x0261	0x3001      	MOVLW      1
0x0262	0x1283      	BCF        STATUS, 5
0x0263	0x1703      	BSF        STATUS, 6
0x0264	0x0098      	MOVWF      FARG_Lcd_Cmd_out_char
0x0265	0x2037      	CALL       _Lcd_Cmd
;MyProject.c,32 :: 		Lcd_Cmd(_LCD_CURSOR_OFF);
0x0266	0x300C      	MOVLW      12
0x0267	0x1703      	BSF        STATUS, 6
0x0268	0x0098      	MOVWF      FARG_Lcd_Cmd_out_char
0x0269	0x2037      	CALL       _Lcd_Cmd
;MyProject.c,33 :: 		Lcd_Out(1,1,"CO");
0x026A	0x3001      	MOVLW      1
0x026B	0x1683      	BSF        STATUS, 5
0x026C	0x00EA      	MOVWF      FARG_Lcd_Out_row
0x026D	0x3001      	MOVLW      1
0x026E	0x00EB      	MOVWF      FARG_Lcd_Out_column
0x026F	0x3042      	MOVLW      ?lstr1_MyProject
0x0270	0x00EC      	MOVWF      FARG_Lcd_Out_text
0x0271	0x2125      	CALL       _Lcd_Out
;MyProject.c,34 :: 		Lcd_Out(2,1,"Sicaklik");
0x0272	0x3002      	MOVLW      2
0x0273	0x00EA      	MOVWF      FARG_Lcd_Out_row
0x0274	0x3001      	MOVLW      1
0x0275	0x00EB      	MOVWF      FARG_Lcd_Out_column
0x0276	0x3045      	MOVLW      ?lstr2_MyProject
0x0277	0x00EC      	MOVWF      FARG_Lcd_Out_text
0x0278	0x2125      	CALL       _Lcd_Out
;MyProject.c,35 :: 		Lcd_Out(3,1,"Nem");
0x0279	0x3003      	MOVLW      3
0x027A	0x00EA      	MOVWF      FARG_Lcd_Out_row
0x027B	0x3001      	MOVLW      1
0x027C	0x00EB      	MOVWF      FARG_Lcd_Out_column
0x027D	0x303A      	MOVLW      ?lstr3_MyProject
0x027E	0x00EC      	MOVWF      FARG_Lcd_Out_text
0x027F	0x2125      	CALL       _Lcd_Out
;MyProject.c,36 :: 		Lcd_Out(3,15,"%RH");
0x0280	0x3003      	MOVLW      3
0x0281	0x00EA      	MOVWF      FARG_Lcd_Out_row
0x0282	0x300F      	MOVLW      15
0x0283	0x00EB      	MOVWF      FARG_Lcd_Out_column
0x0284	0x303E      	MOVLW      ?lstr4_MyProject
0x0285	0x00EC      	MOVWF      FARG_Lcd_Out_text
0x0286	0x2125      	CALL       _Lcd_Out
;MyProject.c,37 :: 		Lcd_Out(2,15,"C");
0x0287	0x3002      	MOVLW      2
0x0288	0x00EA      	MOVWF      FARG_Lcd_Out_row
0x0289	0x300F      	MOVLW      15
0x028A	0x00EB      	MOVWF      FARG_Lcd_Out_column
0x028B	0x305B      	MOVLW      ?lstr5_MyProject
0x028C	0x00EC      	MOVWF      FARG_Lcd_Out_text
0x028D	0x2125      	CALL       _Lcd_Out
;MyProject.c,38 :: 		while(1){
L_main0:
0x028E	0x1683      	BSF        STATUS, 5
;MyProject.c,39 :: 		Lcd_Out(1,1,"CO");
0x028F	0x3001      	MOVLW      1
0x0290	0x00EA      	MOVWF      FARG_Lcd_Out_row
0x0291	0x3001      	MOVLW      1
0x0292	0x00EB      	MOVWF      FARG_Lcd_Out_column
0x0293	0x305D      	MOVLW      ?lstr6_MyProject
0x0294	0x00EC      	MOVWF      FARG_Lcd_Out_text
0x0295	0x2125      	CALL       _Lcd_Out
;MyProject.c,40 :: 		Lcd_Out(2,1,"Sicaklik");
0x0296	0x3002      	MOVLW      2
0x0297	0x00EA      	MOVWF      FARG_Lcd_Out_row
0x0298	0x3001      	MOVLW      1
0x0299	0x00EB      	MOVWF      FARG_Lcd_Out_column
0x029A	0x304E      	MOVLW      ?lstr7_MyProject
0x029B	0x00EC      	MOVWF      FARG_Lcd_Out_text
0x029C	0x2125      	CALL       _Lcd_Out
;MyProject.c,41 :: 		Lcd_Out(3,1,"Nem");
0x029D	0x3003      	MOVLW      3
0x029E	0x00EA      	MOVWF      FARG_Lcd_Out_row
0x029F	0x3001      	MOVLW      1
0x02A0	0x00EB      	MOVWF      FARG_Lcd_Out_column
0x02A1	0x3057      	MOVLW      ?lstr8_MyProject
0x02A2	0x00EC      	MOVWF      FARG_Lcd_Out_text
0x02A3	0x2125      	CALL       _Lcd_Out
;MyProject.c,42 :: 		Lcd_Out(3,15,"%RH");
0x02A4	0x3003      	MOVLW      3
0x02A5	0x00EA      	MOVWF      FARG_Lcd_Out_row
0x02A6	0x300F      	MOVLW      15
0x02A7	0x00EB      	MOVWF      FARG_Lcd_Out_column
0x02A8	0x3036      	MOVLW      ?lstr9_MyProject
0x02A9	0x00EC      	MOVWF      FARG_Lcd_Out_text
0x02AA	0x2125      	CALL       _Lcd_Out
;MyProject.c,43 :: 		Lcd_Out(2,15,"C");
0x02AB	0x3002      	MOVLW      2
0x02AC	0x00EA      	MOVWF      FARG_Lcd_Out_row
0x02AD	0x300F      	MOVLW      15
0x02AE	0x00EB      	MOVWF      FARG_Lcd_Out_column
0x02AF	0x3024      	MOVLW      ?lstr10_MyProject
0x02B0	0x00EC      	MOVWF      FARG_Lcd_Out_text
0x02B1	0x2125      	CALL       _Lcd_Out
;MyProject.c,44 :: 		verinem=ADC_Read(0);
0x02B2	0x01EA      	CLRF       FARG_ADC_Read_channel
0x02B3	0x20FD      	CALL       _ADC_Read
0x02B4	0x0870      	MOVF       R0, 0
0x02B5	0x1283      	BCF        STATUS, 5
0x02B6	0x00A6      	MOVWF      _verinem
0x02B7	0x0871      	MOVF       R0+1, 0
0x02B8	0x00A7      	MOVWF      _verinem+1
0x02B9	0x01A8      	CLRF       _verinem+2
0x02BA	0x01A9      	CLRF       _verinem+3
;MyProject.c,45 :: 		IntToStr(verinem,yaz);
0x02BB	0x0826      	MOVF       _verinem, 0
0x02BC	0x1683      	BSF        STATUS, 5
0x02BD	0x00EA      	MOVWF      FARG_IntToStr_input
0x02BE	0x1283      	BCF        STATUS, 5
0x02BF	0x0827      	MOVF       _verinem+1, 0
0x02C0	0x1683      	BSF        STATUS, 5
0x02C1	0x00EB      	MOVWF      FARG_IntToStr_input+1
0x02C2	0x30C9      	MOVLW      _yaz
0x02C3	0x00EC      	MOVWF      FARG_IntToStr_output
0x02C4	0x2168      	CALL       _IntToStr
;MyProject.c,46 :: 		Lcd_Out(3,9,yaz);
0x02C5	0x3003      	MOVLW      3
0x02C6	0x1683      	BSF        STATUS, 5
0x02C7	0x1303      	BCF        STATUS, 6
0x02C8	0x00EA      	MOVWF      FARG_Lcd_Out_row
0x02C9	0x3009      	MOVLW      9
0x02CA	0x00EB      	MOVWF      FARG_Lcd_Out_column
0x02CB	0x30C9      	MOVLW      _yaz
0x02CC	0x00EC      	MOVWF      FARG_Lcd_Out_text
0x02CD	0x2125      	CALL       _Lcd_Out
;MyProject.c,47 :: 		verisicak=ADC_Read(1);
0x02CE	0x3001      	MOVLW      1
0x02CF	0x00EA      	MOVWF      FARG_ADC_Read_channel
0x02D0	0x20FD      	CALL       _ADC_Read
0x02D1	0x0870      	MOVF       R0, 0
0x02D2	0x1283      	BCF        STATUS, 5
0x02D3	0x00A0      	MOVWF      _verisicak
0x02D4	0x0871      	MOVF       R0+1, 0
0x02D5	0x00A1      	MOVWF      _verisicak+1
0x02D6	0x01A2      	CLRF       _verisicak+2
0x02D7	0x01A3      	CLRF       _verisicak+3
;MyProject.c,48 :: 		verisicak=verisicak/2;
0x02D8	0x0820      	MOVF       _verisicak, 0
0x02D9	0x00F0      	MOVWF      R0
0x02DA	0x0821      	MOVF       _verisicak+1, 0
0x02DB	0x00F1      	MOVWF      R0+1
0x02DC	0x0822      	MOVF       _verisicak+2, 0
0x02DD	0x00F2      	MOVWF      R0+2
0x02DE	0x0823      	MOVF       _verisicak+3, 0
0x02DF	0x00F3      	MOVWF      R0+3
0x02E0	0x0CF3      	RRF        R0+3, 1
0x02E1	0x0CF2      	RRF        R0+2, 1
0x02E2	0x0CF1      	RRF        R0+1, 1
0x02E3	0x0CF0      	RRF        R0, 1
0x02E4	0x13F3      	BCF        R0+3, 7
0x02E5	0x1B73      	BTFSC      R0+3, 6
0x02E6	0x17F3      	BSF        R0+3, 7
0x02E7	0x1FF3      	BTFSS      R0+3, 7
0x02E8	0x2AF2      	GOTO       L__main19
0x02E9	0x1C03      	BTFSS      STATUS, 0
0x02EA	0x2AF2      	GOTO       L__main19
0x02EB	0x0AF0      	INCF       R0, 1
0x02EC	0x1903      	BTFSC      STATUS, 2
0x02ED	0x0AF1      	INCF       R0+1, 1
0x02EE	0x1903      	BTFSC      STATUS, 2
0x02EF	0x0AF2      	INCF       R0+2, 1
0x02F0	0x1903      	BTFSC      STATUS, 2
0x02F1	0x0AF3      	INCF       R0+3, 1
L__main19:
0x02F2	0x0870      	MOVF       R0, 0
0x02F3	0x00A0      	MOVWF      _verisicak
0x02F4	0x0871      	MOVF       R0+1, 0
0x02F5	0x00A1      	MOVWF      _verisicak+1
0x02F6	0x0872      	MOVF       R0+2, 0
0x02F7	0x00A2      	MOVWF      _verisicak+2
0x02F8	0x0873      	MOVF       R0+3, 0
0x02F9	0x00A3      	MOVWF      _verisicak+3
;MyProject.c,49 :: 		IntToStr(verisicak,yaz1);
0x02FA	0x0870      	MOVF       R0, 0
0x02FB	0x1683      	BSF        STATUS, 5
0x02FC	0x00EA      	MOVWF      FARG_IntToStr_input
0x02FD	0x0871      	MOVF       R0+1, 0
0x02FE	0x00EB      	MOVWF      FARG_IntToStr_input+1
0x02FF	0x30D8      	MOVLW      _yaz1
0x0300	0x00EC      	MOVWF      FARG_IntToStr_output
0x0301	0x2168      	CALL       _IntToStr
;MyProject.c,50 :: 		Lcd_Out(2,9,yaz1);
0x0302	0x3002      	MOVLW      2
0x0303	0x1683      	BSF        STATUS, 5
0x0304	0x1303      	BCF        STATUS, 6
0x0305	0x00EA      	MOVWF      FARG_Lcd_Out_row
0x0306	0x3009      	MOVLW      9
0x0307	0x00EB      	MOVWF      FARG_Lcd_Out_column
0x0308	0x30D8      	MOVLW      _yaz1
0x0309	0x00EC      	MOVWF      FARG_Lcd_Out_text
0x030A	0x2125      	CALL       _Lcd_Out
;MyProject.c,51 :: 		while(ADC_Read(0)>40){
L_main2:
0x030B	0x1683      	BSF        STATUS, 5
0x030C	0x01EA      	CLRF       FARG_ADC_Read_channel
0x030D	0x20FD      	CALL       _ADC_Read
0x030E	0x0871      	MOVF       R0+1, 0
0x030F	0x3C00      	SUBLW      0
0x0310	0x1D03      	BTFSS      STATUS, 2
0x0311	0x2B14      	GOTO       L__main20
0x0312	0x0870      	MOVF       R0, 0
0x0313	0x3C28      	SUBLW      40
L__main20:
0x0314	0x1803      	BTFSC      STATUS, 0
0x0315	0x2B65      	GOTO       L_main3
;MyProject.c,52 :: 		Lcd_Cmd(_LCD_CLEAR);
0x0316	0x3001      	MOVLW      1
0x0317	0x1283      	BCF        STATUS, 5
0x0318	0x1703      	BSF        STATUS, 6
0x0319	0x0098      	MOVWF      FARG_Lcd_Cmd_out_char
0x031A	0x2037      	CALL       _Lcd_Cmd
;MyProject.c,53 :: 		Lcd_Out(1,1,"COK");
0x031B	0x3001      	MOVLW      1
0x031C	0x1683      	BSF        STATUS, 5
0x031D	0x00EA      	MOVWF      FARG_Lcd_Out_row
0x031E	0x3001      	MOVLW      1
0x031F	0x00EB      	MOVWF      FARG_Lcd_Out_column
0x0320	0x3032      	MOVLW      ?lstr11_MyProject
0x0321	0x00EC      	MOVWF      FARG_Lcd_Out_text
0x0322	0x2125      	CALL       _Lcd_Out
;MyProject.c,54 :: 		PORTB=0x84;
0x0323	0x3084      	MOVLW      132
0x0324	0x1283      	BCF        STATUS, 5
0x0325	0x0086      	MOVWF      PORTB
;MyProject.c,55 :: 		verinem=ADC_Read(0);
0x0326	0x1683      	BSF        STATUS, 5
0x0327	0x01EA      	CLRF       FARG_ADC_Read_channel
0x0328	0x20FD      	CALL       _ADC_Read
0x0329	0x0870      	MOVF       R0, 0
0x032A	0x1283      	BCF        STATUS, 5
0x032B	0x00A6      	MOVWF      _verinem
0x032C	0x0871      	MOVF       R0+1, 0
0x032D	0x00A7      	MOVWF      _verinem+1
0x032E	0x01A8      	CLRF       _verinem+2
0x032F	0x01A9      	CLRF       _verinem+3
;MyProject.c,56 :: 		IntToStr(verinem,yaz);
0x0330	0x0826      	MOVF       _verinem, 0
0x0331	0x1683      	BSF        STATUS, 5
0x0332	0x00EA      	MOVWF      FARG_IntToStr_input
0x0333	0x1283      	BCF        STATUS, 5
0x0334	0x0827      	MOVF       _verinem+1, 0
0x0335	0x1683      	BSF        STATUS, 5
0x0336	0x00EB      	MOVWF      FARG_IntToStr_input+1
0x0337	0x30C9      	MOVLW      _yaz
0x0338	0x00EC      	MOVWF      FARG_IntToStr_output
0x0339	0x2168      	CALL       _IntToStr
;MyProject.c,57 :: 		Lcd_Out(3,1,yaz);
0x033A	0x3003      	MOVLW      3
0x033B	0x1683      	BSF        STATUS, 5
0x033C	0x1303      	BCF        STATUS, 6
0x033D	0x00EA      	MOVWF      FARG_Lcd_Out_row
0x033E	0x3001      	MOVLW      1
0x033F	0x00EB      	MOVWF      FARG_Lcd_Out_column
0x0340	0x30C9      	MOVLW      _yaz
0x0341	0x00EC      	MOVWF      FARG_Lcd_Out_text
0x0342	0x2125      	CALL       _Lcd_Out
;MyProject.c,58 :: 		Lcd_Out(3,7,"%RH");
0x0343	0x3003      	MOVLW      3
0x0344	0x00EA      	MOVWF      FARG_Lcd_Out_row
0x0345	0x3007      	MOVLW      7
0x0346	0x00EB      	MOVWF      FARG_Lcd_Out_column
0x0347	0x302A      	MOVLW      ?lstr12_MyProject
0x0348	0x00EC      	MOVWF      FARG_Lcd_Out_text
0x0349	0x2125      	CALL       _Lcd_Out
;MyProject.c,59 :: 		Lcd_Out(2,1,"NEM");
0x034A	0x3002      	MOVLW      2
0x034B	0x00EA      	MOVWF      FARG_Lcd_Out_row
0x034C	0x3001      	MOVLW      1
0x034D	0x00EB      	MOVWF      FARG_Lcd_Out_column
0x034E	0x302E      	MOVLW      ?lstr13_MyProject
0x034F	0x00EC      	MOVWF      FARG_Lcd_Out_text
0x0350	0x2125      	CALL       _Lcd_Out
;MyProject.c,60 :: 		delay_ms(500);
0x0351	0x3006      	MOVLW      6
0x0352	0x00FB      	MOVWF      R11
0x0353	0x3013      	MOVLW      19
0x0354	0x00FC      	MOVWF      R12
0x0355	0x30AD      	MOVLW      173
0x0356	0x00FD      	MOVWF      R13
L_main4:
0x0357	0x0BFD      	DECFSZ     R13, 1
0x0358	0x2B57      	GOTO       L_main4
0x0359	0x0BFC      	DECFSZ     R12, 1
0x035A	0x2B57      	GOTO       L_main4
0x035B	0x0BFB      	DECFSZ     R11, 1
0x035C	0x2B57      	GOTO       L_main4
0x035D	0x0000      	NOP
0x035E	0x0000      	NOP
;MyProject.c,61 :: 		Lcd_Cmd(_LCD_CLEAR);
0x035F	0x3001      	MOVLW      1
0x0360	0x1283      	BCF        STATUS, 5
0x0361	0x1703      	BSF        STATUS, 6
0x0362	0x0098      	MOVWF      FARG_Lcd_Cmd_out_char
0x0363	0x2037      	CALL       _Lcd_Cmd
;MyProject.c,62 :: 		}
0x0364	0x2B0B      	GOTO       L_main2
L_main3:
;MyProject.c,63 :: 		while(ADC_Read(0)<10){
L_main5:
0x0365	0x1683      	BSF        STATUS, 5
0x0366	0x01EA      	CLRF       FARG_ADC_Read_channel
0x0367	0x20FD      	CALL       _ADC_Read
0x0368	0x3000      	MOVLW      0
0x0369	0x0271      	SUBWF      R0+1, 0
0x036A	0x1D03      	BTFSS      STATUS, 2
0x036B	0x2B6E      	GOTO       L__main21
0x036C	0x300A      	MOVLW      10
0x036D	0x0270      	SUBWF      R0, 0
L__main21:
0x036E	0x1803      	BTFSC      STATUS, 0
0x036F	0x2BBF      	GOTO       L_main6
;MyProject.c,64 :: 		Lcd_Cmd(_LCD_CLEAR);
0x0370	0x3001      	MOVLW      1
0x0371	0x1283      	BCF        STATUS, 5
0x0372	0x1703      	BSF        STATUS, 6
0x0373	0x0098      	MOVWF      FARG_Lcd_Cmd_out_char
0x0374	0x2037      	CALL       _Lcd_Cmd
;MyProject.c,65 :: 		Lcd_Out(1,1,"AZ");
0x0375	0x3001      	MOVLW      1
0x0376	0x1683      	BSF        STATUS, 5
0x0377	0x00EA      	MOVWF      FARG_Lcd_Out_row
0x0378	0x3001      	MOVLW      1
0x0379	0x00EB      	MOVWF      FARG_Lcd_Out_column
0x037A	0x30B6      	MOVLW      ?lstr14_MyProject
0x037B	0x00EC      	MOVWF      FARG_Lcd_Out_text
0x037C	0x2125      	CALL       _Lcd_Out
;MyProject.c,66 :: 		PORTB=0x84;
0x037D	0x3084      	MOVLW      132
0x037E	0x1283      	BCF        STATUS, 5
0x037F	0x0086      	MOVWF      PORTB
;MyProject.c,67 :: 		verinem=ADC_Read(0);
0x0380	0x1683      	BSF        STATUS, 5
0x0381	0x01EA      	CLRF       FARG_ADC_Read_channel
0x0382	0x20FD      	CALL       _ADC_Read
0x0383	0x0870      	MOVF       R0, 0
0x0384	0x1283      	BCF        STATUS, 5
0x0385	0x00A6      	MOVWF      _verinem
0x0386	0x0871      	MOVF       R0+1, 0
0x0387	0x00A7      	MOVWF      _verinem+1
0x0388	0x01A8      	CLRF       _verinem+2
0x0389	0x01A9      	CLRF       _verinem+3
;MyProject.c,68 :: 		IntToStr(verinem,yaz);
0x038A	0x0826      	MOVF       _verinem, 0
0x038B	0x1683      	BSF        STATUS, 5
0x038C	0x00EA      	MOVWF      FARG_IntToStr_input
0x038D	0x1283      	BCF        STATUS, 5
0x038E	0x0827      	MOVF       _verinem+1, 0
0x038F	0x1683      	BSF        STATUS, 5
0x0390	0x00EB      	MOVWF      FARG_IntToStr_input+1
0x0391	0x30C9      	MOVLW      _yaz
0x0392	0x00EC      	MOVWF      FARG_IntToStr_output
0x0393	0x2168      	CALL       _IntToStr
;MyProject.c,69 :: 		Lcd_Out(3,1,yaz);
0x0394	0x3003      	MOVLW      3
0x0395	0x1683      	BSF        STATUS, 5
0x0396	0x1303      	BCF        STATUS, 6
0x0397	0x00EA      	MOVWF      FARG_Lcd_Out_row
0x0398	0x3001      	MOVLW      1
0x0399	0x00EB      	MOVWF      FARG_Lcd_Out_column
0x039A	0x30C9      	MOVLW      _yaz
0x039B	0x00EC      	MOVWF      FARG_Lcd_Out_text
0x039C	0x2125      	CALL       _Lcd_Out
;MyProject.c,70 :: 		Lcd_Out(3,7,"%RH");
0x039D	0x3003      	MOVLW      3
0x039E	0x00EA      	MOVWF      FARG_Lcd_Out_row
0x039F	0x3007      	MOVLW      7
0x03A0	0x00EB      	MOVWF      FARG_Lcd_Out_column
0x03A1	0x30C1      	MOVLW      ?lstr15_MyProject
0x03A2	0x00EC      	MOVWF      FARG_Lcd_Out_text
0x03A3	0x2125      	CALL       _Lcd_Out
;MyProject.c,71 :: 		Lcd_Out(2,1,"NEM");
0x03A4	0x3002      	MOVLW      2
0x03A5	0x00EA      	MOVWF      FARG_Lcd_Out_row
0x03A6	0x3001      	MOVLW      1
0x03A7	0x00EB      	MOVWF      FARG_Lcd_Out_column
0x03A8	0x30C5      	MOVLW      ?lstr16_MyProject
0x03A9	0x00EC      	MOVWF      FARG_Lcd_Out_text
0x03AA	0x2125      	CALL       _Lcd_Out
;MyProject.c,72 :: 		delay_ms(500);
0x03AB	0x3006      	MOVLW      6
0x03AC	0x00FB      	MOVWF      R11
0x03AD	0x3013      	MOVLW      19
0x03AE	0x00FC      	MOVWF      R12
0x03AF	0x30AD      	MOVLW      173
0x03B0	0x00FD      	MOVWF      R13
L_main7:
0x03B1	0x0BFD      	DECFSZ     R13, 1
0x03B2	0x2BB1      	GOTO       L_main7
0x03B3	0x0BFC      	DECFSZ     R12, 1
0x03B4	0x2BB1      	GOTO       L_main7
0x03B5	0x0BFB      	DECFSZ     R11, 1
0x03B6	0x2BB1      	GOTO       L_main7
0x03B7	0x0000      	NOP
0x03B8	0x0000      	NOP
;MyProject.c,73 :: 		Lcd_Cmd(_LCD_CLEAR);}
0x03B9	0x3001      	MOVLW      1
0x03BA	0x1283      	BCF        STATUS, 5
0x03BB	0x1703      	BSF        STATUS, 6
0x03BC	0x0098      	MOVWF      FARG_Lcd_Cmd_out_char
0x03BD	0x2037      	CALL       _Lcd_Cmd
0x03BE	0x2B65      	GOTO       L_main5
L_main6:
;MyProject.c,74 :: 		while(ADC_Read(1)/2<15){
L_main8:
0x03BF	0x3001      	MOVLW      1
0x03C0	0x1683      	BSF        STATUS, 5
0x03C1	0x00EA      	MOVWF      FARG_ADC_Read_channel
0x03C2	0x20FD      	CALL       _ADC_Read
0x03C3	0x0870      	MOVF       R0, 0
0x03C4	0x00F2      	MOVWF      R2
0x03C5	0x0871      	MOVF       R0+1, 0
0x03C6	0x00F3      	MOVWF      R2+1
0x03C7	0x0CF3      	RRF        R2+1, 1
0x03C8	0x0CF2      	RRF        R2, 1
0x03C9	0x13F3      	BCF        R2+1, 7
0x03CA	0x3000      	MOVLW      0
0x03CB	0x0273      	SUBWF      R2+1, 0
0x03CC	0x1D03      	BTFSS      STATUS, 2
0x03CD	0x2BD0      	GOTO       L__main22
0x03CE	0x300F      	MOVLW      15
0x03CF	0x0272      	SUBWF      R2, 0
L__main22:
0x03D0	0x1803      	BTFSC      STATUS, 0
0x03D1	0x2C42      	GOTO       L_main9
;MyProject.c,75 :: 		Lcd_Cmd(_LCD_CLEAR);
0x03D2	0x3001      	MOVLW      1
0x03D3	0x1283      	BCF        STATUS, 5
0x03D4	0x1703      	BSF        STATUS, 6
0x03D5	0x0098      	MOVWF      FARG_Lcd_Cmd_out_char
0x03D6	0x2037      	CALL       _Lcd_Cmd
;MyProject.c,76 :: 		Lcd_Out(1,1,"SOGUK");
0x03D7	0x3001      	MOVLW      1
0x03D8	0x1683      	BSF        STATUS, 5
0x03D9	0x00EA      	MOVWF      FARG_Lcd_Out_row
0x03DA	0x3001      	MOVLW      1
0x03DB	0x00EB      	MOVWF      FARG_Lcd_Out_column
0x03DC	0x30B9      	MOVLW      ?lstr17_MyProject
0x03DD	0x00EC      	MOVWF      FARG_Lcd_Out_text
0x03DE	0x2125      	CALL       _Lcd_Out
;MyProject.c,77 :: 		PORTB=0x84;
0x03DF	0x3084      	MOVLW      132
0x03E0	0x1283      	BCF        STATUS, 5
0x03E1	0x0086      	MOVWF      PORTB
;MyProject.c,78 :: 		verisicak=ADC_Read(1);
0x03E2	0x3001      	MOVLW      1
0x03E3	0x1683      	BSF        STATUS, 5
0x03E4	0x00EA      	MOVWF      FARG_ADC_Read_channel
0x03E5	0x20FD      	CALL       _ADC_Read
0x03E6	0x0870      	MOVF       R0, 0
0x03E7	0x1283      	BCF        STATUS, 5
0x03E8	0x00A0      	MOVWF      _verisicak
0x03E9	0x0871      	MOVF       R0+1, 0
0x03EA	0x00A1      	MOVWF      _verisicak+1
0x03EB	0x01A2      	CLRF       _verisicak+2
0x03EC	0x01A3      	CLRF       _verisicak+3
;MyProject.c,79 :: 		verisicak=verisicak/2;
0x03ED	0x0820      	MOVF       _verisicak, 0
0x03EE	0x00F0      	MOVWF      R0
0x03EF	0x0821      	MOVF       _verisicak+1, 0
0x03F0	0x00F1      	MOVWF      R0+1
0x03F1	0x0822      	MOVF       _verisicak+2, 0
0x03F2	0x00F2      	MOVWF      R0+2
0x03F3	0x0823      	MOVF       _verisicak+3, 0
0x03F4	0x00F3      	MOVWF      R0+3
0x03F5	0x0CF3      	RRF        R0+3, 1
0x03F6	0x0CF2      	RRF        R0+2, 1
0x03F7	0x0CF1      	RRF        R0+1, 1
0x03F8	0x0CF0      	RRF        R0, 1
0x03F9	0x13F3      	BCF        R0+3, 7
0x03FA	0x1B73      	BTFSC      R0+3, 6
0x03FB	0x17F3      	BSF        R0+3, 7
0x03FC	0x1FF3      	BTFSS      R0+3, 7
0x03FD	0x2C07      	GOTO       L__main23
0x03FE	0x1C03      	BTFSS      STATUS, 0
0x03FF	0x2C07      	GOTO       L__main23
0x0400	0x0AF0      	INCF       R0, 1
0x0401	0x1903      	BTFSC      STATUS, 2
0x0402	0x0AF1      	INCF       R0+1, 1
0x0403	0x1903      	BTFSC      STATUS, 2
0x0404	0x0AF2      	INCF       R0+2, 1
0x0405	0x1903      	BTFSC      STATUS, 2
0x0406	0x0AF3      	INCF       R0+3, 1
L__main23:
0x0407	0x0870      	MOVF       R0, 0
0x0408	0x00A0      	MOVWF      _verisicak
0x0409	0x0871      	MOVF       R0+1, 0
0x040A	0x00A1      	MOVWF      _verisicak+1
0x040B	0x0872      	MOVF       R0+2, 0
0x040C	0x00A2      	MOVWF      _verisicak+2
0x040D	0x0873      	MOVF       R0+3, 0
0x040E	0x00A3      	MOVWF      _verisicak+3
;MyProject.c,80 :: 		IntToStr(verisicak,yaz);
0x040F	0x0870      	MOVF       R0, 0
0x0410	0x1683      	BSF        STATUS, 5
0x0411	0x00EA      	MOVWF      FARG_IntToStr_input
0x0412	0x0871      	MOVF       R0+1, 0
0x0413	0x00EB      	MOVWF      FARG_IntToStr_input+1
0x0414	0x30C9      	MOVLW      _yaz
0x0415	0x00EC      	MOVWF      FARG_IntToStr_output
0x0416	0x2168      	CALL       _IntToStr
;MyProject.c,81 :: 		Lcd_Out(3,1,yaz);
0x0417	0x3003      	MOVLW      3
0x0418	0x1683      	BSF        STATUS, 5
0x0419	0x1303      	BCF        STATUS, 6
0x041A	0x00EA      	MOVWF      FARG_Lcd_Out_row
0x041B	0x3001      	MOVLW      1
0x041C	0x00EB      	MOVWF      FARG_Lcd_Out_column
0x041D	0x30C9      	MOVLW      _yaz
0x041E	0x00EC      	MOVWF      FARG_Lcd_Out_text
0x041F	0x2125      	CALL       _Lcd_Out
;MyProject.c,82 :: 		Lcd_Out(3,7,"C");
0x0420	0x3003      	MOVLW      3
0x0421	0x00EA      	MOVWF      FARG_Lcd_Out_row
0x0422	0x3007      	MOVLW      7
0x0423	0x00EB      	MOVWF      FARG_Lcd_Out_column
0x0424	0x30BF      	MOVLW      ?lstr18_MyProject
0x0425	0x00EC      	MOVWF      FARG_Lcd_Out_text
0x0426	0x2125      	CALL       _Lcd_Out
;MyProject.c,83 :: 		Lcd_Out(2,1,"SICAKLIK");
0x0427	0x3002      	MOVLW      2
0x0428	0x00EA      	MOVWF      FARG_Lcd_Out_row
0x0429	0x3001      	MOVLW      1
0x042A	0x00EB      	MOVWF      FARG_Lcd_Out_column
0x042B	0x30AD      	MOVLW      ?lstr19_MyProject
0x042C	0x00EC      	MOVWF      FARG_Lcd_Out_text
0x042D	0x2125      	CALL       _Lcd_Out
;MyProject.c,84 :: 		delay_ms(500);
0x042E	0x3006      	MOVLW      6
0x042F	0x00FB      	MOVWF      R11
0x0430	0x3013      	MOVLW      19
0x0431	0x00FC      	MOVWF      R12
0x0432	0x30AD      	MOVLW      173
0x0433	0x00FD      	MOVWF      R13
L_main10:
0x0434	0x0BFD      	DECFSZ     R13, 1
0x0435	0x2C34      	GOTO       L_main10
0x0436	0x0BFC      	DECFSZ     R12, 1
0x0437	0x2C34      	GOTO       L_main10
0x0438	0x0BFB      	DECFSZ     R11, 1
0x0439	0x2C34      	GOTO       L_main10
0x043A	0x0000      	NOP
0x043B	0x0000      	NOP
;MyProject.c,85 :: 		Lcd_Cmd(_LCD_CLEAR);}
0x043C	0x3001      	MOVLW      1
0x043D	0x1283      	BCF        STATUS, 5
0x043E	0x1703      	BSF        STATUS, 6
0x043F	0x0098      	MOVWF      FARG_Lcd_Cmd_out_char
0x0440	0x2037      	CALL       _Lcd_Cmd
0x0441	0x2BBF      	GOTO       L_main8
L_main9:
;MyProject.c,86 :: 		while(ADC_Read(1)/2>30){
L_main11:
0x0442	0x3001      	MOVLW      1
0x0443	0x1683      	BSF        STATUS, 5
0x0444	0x00EA      	MOVWF      FARG_ADC_Read_channel
0x0445	0x20FD      	CALL       _ADC_Read
0x0446	0x0870      	MOVF       R0, 0
0x0447	0x00F2      	MOVWF      R2
0x0448	0x0871      	MOVF       R0+1, 0
0x0449	0x00F3      	MOVWF      R2+1
0x044A	0x0CF3      	RRF        R2+1, 1
0x044B	0x0CF2      	RRF        R2, 1
0x044C	0x13F3      	BCF        R2+1, 7
0x044D	0x0873      	MOVF       R2+1, 0
0x044E	0x3C00      	SUBLW      0
0x044F	0x1D03      	BTFSS      STATUS, 2
0x0450	0x2C53      	GOTO       L__main24
0x0451	0x0872      	MOVF       R2, 0
0x0452	0x3C1E      	SUBLW      30
L__main24:
0x0453	0x1803      	BTFSC      STATUS, 0
0x0454	0x2CC5      	GOTO       L_main12
;MyProject.c,87 :: 		Lcd_Cmd(_LCD_CLEAR);
0x0455	0x3001      	MOVLW      1
0x0456	0x1283      	BCF        STATUS, 5
0x0457	0x1703      	BSF        STATUS, 6
0x0458	0x0098      	MOVWF      FARG_Lcd_Cmd_out_char
0x0459	0x2037      	CALL       _Lcd_Cmd
;MyProject.c,88 :: 		Lcd_Out(1,1,"SICAK");
0x045A	0x3001      	MOVLW      1
0x045B	0x1683      	BSF        STATUS, 5
0x045C	0x00EA      	MOVWF      FARG_Lcd_Out_row
0x045D	0x3001      	MOVLW      1
0x045E	0x00EB      	MOVWF      FARG_Lcd_Out_column
0x045F	0x3066      	MOVLW      ?lstr20_MyProject
0x0460	0x00EC      	MOVWF      FARG_Lcd_Out_text
0x0461	0x2125      	CALL       _Lcd_Out
;MyProject.c,89 :: 		PORTB=0x84;
0x0462	0x3084      	MOVLW      132
0x0463	0x1283      	BCF        STATUS, 5
0x0464	0x0086      	MOVWF      PORTB
;MyProject.c,90 :: 		verisicak=ADC_Read(1);
0x0465	0x3001      	MOVLW      1
0x0466	0x1683      	BSF        STATUS, 5
0x0467	0x00EA      	MOVWF      FARG_ADC_Read_channel
0x0468	0x20FD      	CALL       _ADC_Read
0x0469	0x0870      	MOVF       R0, 0
0x046A	0x1283      	BCF        STATUS, 5
0x046B	0x00A0      	MOVWF      _verisicak
0x046C	0x0871      	MOVF       R0+1, 0
0x046D	0x00A1      	MOVWF      _verisicak+1
0x046E	0x01A2      	CLRF       _verisicak+2
0x046F	0x01A3      	CLRF       _verisicak+3
;MyProject.c,91 :: 		verisicak=verisicak/2;
0x0470	0x0820      	MOVF       _verisicak, 0
0x0471	0x00F0      	MOVWF      R0
0x0472	0x0821      	MOVF       _verisicak+1, 0
0x0473	0x00F1      	MOVWF      R0+1
0x0474	0x0822      	MOVF       _verisicak+2, 0
0x0475	0x00F2      	MOVWF      R0+2
0x0476	0x0823      	MOVF       _verisicak+3, 0
0x0477	0x00F3      	MOVWF      R0+3
0x0478	0x0CF3      	RRF        R0+3, 1
0x0479	0x0CF2      	RRF        R0+2, 1
0x047A	0x0CF1      	RRF        R0+1, 1
0x047B	0x0CF0      	RRF        R0, 1
0x047C	0x13F3      	BCF        R0+3, 7
0x047D	0x1B73      	BTFSC      R0+3, 6
0x047E	0x17F3      	BSF        R0+3, 7
0x047F	0x1FF3      	BTFSS      R0+3, 7
0x0480	0x2C8A      	GOTO       L__main25
0x0481	0x1C03      	BTFSS      STATUS, 0
0x0482	0x2C8A      	GOTO       L__main25
0x0483	0x0AF0      	INCF       R0, 1
0x0484	0x1903      	BTFSC      STATUS, 2
0x0485	0x0AF1      	INCF       R0+1, 1
0x0486	0x1903      	BTFSC      STATUS, 2
0x0487	0x0AF2      	INCF       R0+2, 1
0x0488	0x1903      	BTFSC      STATUS, 2
0x0489	0x0AF3      	INCF       R0+3, 1
L__main25:
0x048A	0x0870      	MOVF       R0, 0
0x048B	0x00A0      	MOVWF      _verisicak
0x048C	0x0871      	MOVF       R0+1, 0
0x048D	0x00A1      	MOVWF      _verisicak+1
0x048E	0x0872      	MOVF       R0+2, 0
0x048F	0x00A2      	MOVWF      _verisicak+2
0x0490	0x0873      	MOVF       R0+3, 0
0x0491	0x00A3      	MOVWF      _verisicak+3
;MyProject.c,92 :: 		IntToStr(verisicak,yaz);
0x0492	0x0870      	MOVF       R0, 0
0x0493	0x1683      	BSF        STATUS, 5
0x0494	0x00EA      	MOVWF      FARG_IntToStr_input
0x0495	0x0871      	MOVF       R0+1, 0
0x0496	0x00EB      	MOVWF      FARG_IntToStr_input+1
0x0497	0x30C9      	MOVLW      _yaz
0x0498	0x00EC      	MOVWF      FARG_IntToStr_output
0x0499	0x2168      	CALL       _IntToStr
;MyProject.c,93 :: 		Lcd_Out(3,1,yaz);
0x049A	0x3003      	MOVLW      3
0x049B	0x1683      	BSF        STATUS, 5
0x049C	0x1303      	BCF        STATUS, 6
0x049D	0x00EA      	MOVWF      FARG_Lcd_Out_row
0x049E	0x3001      	MOVLW      1
0x049F	0x00EB      	MOVWF      FARG_Lcd_Out_column
0x04A0	0x30C9      	MOVLW      _yaz
0x04A1	0x00EC      	MOVWF      FARG_Lcd_Out_text
0x04A2	0x2125      	CALL       _Lcd_Out
;MyProject.c,94 :: 		Lcd_Out(2,1,"SICAKLIK");
0x04A3	0x3002      	MOVLW      2
0x04A4	0x00EA      	MOVWF      FARG_Lcd_Out_row
0x04A5	0x3001      	MOVLW      1
0x04A6	0x00EB      	MOVWF      FARG_Lcd_Out_column
0x04A7	0x30A0      	MOVLW      ?lstr21_MyProject
0x04A8	0x00EC      	MOVWF      FARG_Lcd_Out_text
0x04A9	0x2125      	CALL       _Lcd_Out
;MyProject.c,95 :: 		Lcd_Out(3,7,"C");
0x04AA	0x3003      	MOVLW      3
0x04AB	0x00EA      	MOVWF      FARG_Lcd_Out_row
0x04AC	0x3007      	MOVLW      7
0x04AD	0x00EB      	MOVWF      FARG_Lcd_Out_column
0x04AE	0x3060      	MOVLW      ?lstr22_MyProject
0x04AF	0x00EC      	MOVWF      FARG_Lcd_Out_text
0x04B0	0x2125      	CALL       _Lcd_Out
;MyProject.c,96 :: 		delay_ms(500);
0x04B1	0x3006      	MOVLW      6
0x04B2	0x00FB      	MOVWF      R11
0x04B3	0x3013      	MOVLW      19
0x04B4	0x00FC      	MOVWF      R12
0x04B5	0x30AD      	MOVLW      173
0x04B6	0x00FD      	MOVWF      R13
L_main13:
0x04B7	0x0BFD      	DECFSZ     R13, 1
0x04B8	0x2CB7      	GOTO       L_main13
0x04B9	0x0BFC      	DECFSZ     R12, 1
0x04BA	0x2CB7      	GOTO       L_main13
0x04BB	0x0BFB      	DECFSZ     R11, 1
0x04BC	0x2CB7      	GOTO       L_main13
0x04BD	0x0000      	NOP
0x04BE	0x0000      	NOP
;MyProject.c,97 :: 		Lcd_Cmd(_LCD_CLEAR);
0x04BF	0x3001      	MOVLW      1
0x04C0	0x1283      	BCF        STATUS, 5
0x04C1	0x1703      	BSF        STATUS, 6
0x04C2	0x0098      	MOVWF      FARG_Lcd_Cmd_out_char
0x04C3	0x2037      	CALL       _Lcd_Cmd
;MyProject.c,98 :: 		}
0x04C4	0x2C42      	GOTO       L_main11
L_main12:
0x04C5	0x1283      	BCF        STATUS, 5
;MyProject.c,99 :: 		if(PORTD.B0==1){
0x04C6	0x1C08      	BTFSS      PORTD, 0
0x04C7	0x2CEF      	GOTO       L_main14
;MyProject.c,100 :: 		Lcd_Out(1,5,"GAZ");
0x04C8	0x3001      	MOVLW      1
0x04C9	0x1683      	BSF        STATUS, 5
0x04CA	0x00EA      	MOVWF      FARG_Lcd_Out_row
0x04CB	0x3005      	MOVLW      5
0x04CC	0x00EB      	MOVWF      FARG_Lcd_Out_column
0x04CD	0x3062      	MOVLW      ?lstr23_MyProject
0x04CE	0x00EC      	MOVWF      FARG_Lcd_Out_text
0x04CF	0x2125      	CALL       _Lcd_Out
;MyProject.c,101 :: 		Lcd_Out(1,1,"CO");
0x04D0	0x3001      	MOVLW      1
0x04D1	0x00EA      	MOVWF      FARG_Lcd_Out_row
0x04D2	0x3001      	MOVLW      1
0x04D3	0x00EB      	MOVWF      FARG_Lcd_Out_column
0x04D4	0x306D      	MOVLW      ?lstr24_MyProject
0x04D5	0x00EC      	MOVWF      FARG_Lcd_Out_text
0x04D6	0x2125      	CALL       _Lcd_Out
;MyProject.c,102 :: 		Lcd_Out(1,10,"Var");
0x04D7	0x3001      	MOVLW      1
0x04D8	0x00EA      	MOVWF      FARG_Lcd_Out_row
0x04D9	0x300A      	MOVLW      10
0x04DA	0x00EB      	MOVWF      FARG_Lcd_Out_column
0x04DB	0x30A9      	MOVLW      ?lstr25_MyProject
0x04DC	0x00EC      	MOVWF      FARG_Lcd_Out_text
0x04DD	0x2125      	CALL       _Lcd_Out
;MyProject.c,103 :: 		PORTB=0x84;
0x04DE	0x3084      	MOVLW      132
0x04DF	0x1283      	BCF        STATUS, 5
0x04E0	0x0086      	MOVWF      PORTB
;MyProject.c,104 :: 		delay_ms(1000);}
0x04E1	0x300B      	MOVLW      11
0x04E2	0x00FB      	MOVWF      R11
0x04E3	0x3026      	MOVLW      38
0x04E4	0x00FC      	MOVWF      R12
0x04E5	0x305D      	MOVLW      93
0x04E6	0x00FD      	MOVWF      R13
L_main15:
0x04E7	0x0BFD      	DECFSZ     R13, 1
0x04E8	0x2CE7      	GOTO       L_main15
0x04E9	0x0BFC      	DECFSZ     R12, 1
0x04EA	0x2CE7      	GOTO       L_main15
0x04EB	0x0BFB      	DECFSZ     R11, 1
0x04EC	0x2CE7      	GOTO       L_main15
0x04ED	0x0000      	NOP
0x04EE	0x0000      	NOP
L_main14:
;MyProject.c,105 :: 		if(PORTD.B0==0){
0x04EF	0x1808      	BTFSC      PORTD, 0
0x04F0	0x2D05      	GOTO       L_main16
;MyProject.c,106 :: 		delay_ms(500);
0x04F1	0x3006      	MOVLW      6
0x04F2	0x00FB      	MOVWF      R11
0x04F3	0x3013      	MOVLW      19
0x04F4	0x00FC      	MOVWF      R12
0x04F5	0x30AD      	MOVLW      173
0x04F6	0x00FD      	MOVWF      R13
L_main17:
0x04F7	0x0BFD      	DECFSZ     R13, 1
0x04F8	0x2CF7      	GOTO       L_main17
0x04F9	0x0BFC      	DECFSZ     R12, 1
0x04FA	0x2CF7      	GOTO       L_main17
0x04FB	0x0BFB      	DECFSZ     R11, 1
0x04FC	0x2CF7      	GOTO       L_main17
0x04FD	0x0000      	NOP
0x04FE	0x0000      	NOP
;MyProject.c,107 :: 		Lcd_Cmd(_LCD_CLEAR);
0x04FF	0x3001      	MOVLW      1
0x0500	0x1703      	BSF        STATUS, 6
0x0501	0x0098      	MOVWF      FARG_Lcd_Cmd_out_char
0x0502	0x2037      	CALL       _Lcd_Cmd
;MyProject.c,108 :: 		PORTB=0x01;
0x0503	0x3001      	MOVLW      1
0x0504	0x0086      	MOVWF      PORTB
;MyProject.c,110 :: 		}
L_main16:
;MyProject.c,111 :: 		}
0x0505	0x2A8E      	GOTO       L_main0
;MyProject.c,112 :: 		}
L_end_main:
0x0506	0x2D06      	GOTO       $+0
; end of _main
0x0586	0x3020      	MOVLW      32
0x0587	0x0084      	MOVWF      FSR
0x0588	0x304C      	MOVLW      76
0x0589	0x1283      	BCF        STATUS, 5
0x058A	0x1303      	BCF        STATUS, 6
0x058B	0x00F0      	MOVWF      R0
0x058C	0x300C      	MOVLW      12
0x058D	0x1683      	BSF        STATUS, 5
0x058E	0x00E8      	MOVWF      ___DoICPAddr
0x058F	0x3005      	MOVLW      5
0x0590	0x00E9      	MOVWF      233
0x0591	0x2241      	CALL       577
0x0592	0x30A0      	MOVLW      160
0x0593	0x0084      	MOVWF      FSR
0x0594	0x3009      	MOVLW      9
0x0595	0x1283      	BCF        STATUS, 5
0x0596	0x00F0      	MOVWF      R0
0x0597	0x3078      	MOVLW      120
0x0598	0x1683      	BSF        STATUS, 5
0x0599	0x00E8      	MOVWF      ___DoICPAddr
0x059A	0x3005      	MOVLW      5
0x059B	0x00E9      	MOVWF      233
0x059C	0x2241      	CALL       577
0x059D	0x306C      	MOVLW      108
0x059E	0x0084      	MOVWF      FSR
0x059F	0x3004      	MOVLW      4
0x05A0	0x1283      	BCF        STATUS, 5
0x05A1	0x00F0      	MOVWF      R0
0x05A2	0x3081      	MOVLW      129
0x05A3	0x1683      	BSF        STATUS, 5
0x05A4	0x00E8      	MOVWF      ___DoICPAddr
0x05A5	0x3005      	MOVLW      5
0x05A6	0x00E9      	MOVWF      233
0x05A7	0x2241      	CALL       577
0x05A8	0x30A9      	MOVLW      169
0x05A9	0x0084      	MOVWF      FSR
0x05AA	0x3020      	MOVLW      32
0x05AB	0x1283      	BCF        STATUS, 5
0x05AC	0x00F0      	MOVWF      R0
0x05AD	0x3058      	MOVLW      88
0x05AE	0x1683      	BSF        STATUS, 5
0x05AF	0x00E8      	MOVWF      ___DoICPAddr
0x05B0	0x3005      	MOVLW      5
0x05B1	0x00E9      	MOVWF      233
0x05B2	0x2241      	CALL       577
0x05B3	0x0008      	RETURN
;MyProject.c,0 :: ?ICS_verisicak
0x050C	0x3400 ;?ICS_verisicak+0
0x050D	0x3400 ;?ICS_verisicak+1
0x050E	0x3400 ;?ICS_verisicak+2
0x050F	0x3400 ;?ICS_verisicak+3
; end of ?ICS_verisicak
;MyProject.c,0 :: ?ICS?lstr10_MyProject
0x0510	0x3443 ;?ICS?lstr10_MyProject+0
0x0511	0x3400 ;?ICS?lstr10_MyProject+1
; end of ?ICS?lstr10_MyProject
;MyProject.c,0 :: ?ICS_verinem
0x0512	0x3400 ;?ICS_verinem+0
0x0513	0x3400 ;?ICS_verinem+1
0x0514	0x3400 ;?ICS_verinem+2
0x0515	0x3400 ;?ICS_verinem+3
; end of ?ICS_verinem
;MyProject.c,0 :: ?ICS?lstr12_MyProject
0x0516	0x3425 ;?ICS?lstr12_MyProject+0
0x0517	0x3452 ;?ICS?lstr12_MyProject+1
0x0518	0x3448 ;?ICS?lstr12_MyProject+2
0x0519	0x3400 ;?ICS?lstr12_MyProject+3
; end of ?ICS?lstr12_MyProject
;MyProject.c,0 :: ?ICS?lstr13_MyProject
0x051A	0x344E ;?ICS?lstr13_MyProject+0
0x051B	0x3445 ;?ICS?lstr13_MyProject+1
0x051C	0x344D ;?ICS?lstr13_MyProject+2
0x051D	0x3400 ;?ICS?lstr13_MyProject+3
; end of ?ICS?lstr13_MyProject
;MyProject.c,0 :: ?ICS?lstr11_MyProject
0x051E	0x3443 ;?ICS?lstr11_MyProject+0
0x051F	0x344F ;?ICS?lstr11_MyProject+1
0x0520	0x344B ;?ICS?lstr11_MyProject+2
0x0521	0x3400 ;?ICS?lstr11_MyProject+3
; end of ?ICS?lstr11_MyProject
;MyProject.c,0 :: ?ICS?lstr9_MyProject
0x0522	0x3425 ;?ICS?lstr9_MyProject+0
0x0523	0x3452 ;?ICS?lstr9_MyProject+1
0x0524	0x3448 ;?ICS?lstr9_MyProject+2
0x0525	0x3400 ;?ICS?lstr9_MyProject+3
; end of ?ICS?lstr9_MyProject
;MyProject.c,0 :: ?ICS?lstr3_MyProject
0x0526	0x344E ;?ICS?lstr3_MyProject+0
0x0527	0x3465 ;?ICS?lstr3_MyProject+1
0x0528	0x346D ;?ICS?lstr3_MyProject+2
0x0529	0x3400 ;?ICS?lstr3_MyProject+3
; end of ?ICS?lstr3_MyProject
;MyProject.c,0 :: ?ICS?lstr4_MyProject
0x052A	0x3425 ;?ICS?lstr4_MyProject+0
0x052B	0x3452 ;?ICS?lstr4_MyProject+1
0x052C	0x3448 ;?ICS?lstr4_MyProject+2
0x052D	0x3400 ;?ICS?lstr4_MyProject+3
; end of ?ICS?lstr4_MyProject
;MyProject.c,0 :: ?ICS?lstr1_MyProject
0x052E	0x3443 ;?ICS?lstr1_MyProject+0
0x052F	0x344F ;?ICS?lstr1_MyProject+1
0x0530	0x3400 ;?ICS?lstr1_MyProject+2
; end of ?ICS?lstr1_MyProject
;MyProject.c,0 :: ?ICS?lstr2_MyProject
0x0531	0x3453 ;?ICS?lstr2_MyProject+0
0x0532	0x3469 ;?ICS?lstr2_MyProject+1
0x0533	0x3463 ;?ICS?lstr2_MyProject+2
0x0534	0x3461 ;?ICS?lstr2_MyProject+3
0x0535	0x346B ;?ICS?lstr2_MyProject+4
0x0536	0x346C ;?ICS?lstr2_MyProject+5
0x0537	0x3469 ;?ICS?lstr2_MyProject+6
0x0538	0x346B ;?ICS?lstr2_MyProject+7
0x0539	0x3400 ;?ICS?lstr2_MyProject+8
; end of ?ICS?lstr2_MyProject
;MyProject.c,0 :: ?ICS?lstr7_MyProject
0x053A	0x3453 ;?ICS?lstr7_MyProject+0
0x053B	0x3469 ;?ICS?lstr7_MyProject+1
0x053C	0x3463 ;?ICS?lstr7_MyProject+2
0x053D	0x3461 ;?ICS?lstr7_MyProject+3
0x053E	0x346B ;?ICS?lstr7_MyProject+4
0x053F	0x346C ;?ICS?lstr7_MyProject+5
0x0540	0x3469 ;?ICS?lstr7_MyProject+6
0x0541	0x346B ;?ICS?lstr7_MyProject+7
0x0542	0x3400 ;?ICS?lstr7_MyProject+8
; end of ?ICS?lstr7_MyProject
;MyProject.c,0 :: ?ICS?lstr8_MyProject
0x0543	0x344E ;?ICS?lstr8_MyProject+0
0x0544	0x3465 ;?ICS?lstr8_MyProject+1
0x0545	0x346D ;?ICS?lstr8_MyProject+2
0x0546	0x3400 ;?ICS?lstr8_MyProject+3
; end of ?ICS?lstr8_MyProject
;MyProject.c,0 :: ?ICS?lstr5_MyProject
0x0547	0x3443 ;?ICS?lstr5_MyProject+0
0x0548	0x3400 ;?ICS?lstr5_MyProject+1
; end of ?ICS?lstr5_MyProject
;MyProject.c,0 :: ?ICS?lstr6_MyProject
0x0549	0x3443 ;?ICS?lstr6_MyProject+0
0x054A	0x344F ;?ICS?lstr6_MyProject+1
0x054B	0x3400 ;?ICS?lstr6_MyProject+2
; end of ?ICS?lstr6_MyProject
;MyProject.c,0 :: ?ICS?lstr22_MyProject
0x054C	0x3443 ;?ICS?lstr22_MyProject+0
0x054D	0x3400 ;?ICS?lstr22_MyProject+1
; end of ?ICS?lstr22_MyProject
;MyProject.c,0 :: ?ICS?lstr23_MyProject
0x054E	0x3447 ;?ICS?lstr23_MyProject+0
0x054F	0x3441 ;?ICS?lstr23_MyProject+1
0x0550	0x345A ;?ICS?lstr23_MyProject+2
0x0551	0x3400 ;?ICS?lstr23_MyProject+3
; end of ?ICS?lstr23_MyProject
;MyProject.c,0 :: ?ICS?lstr20_MyProject
0x0552	0x3453 ;?ICS?lstr20_MyProject+0
0x0553	0x3449 ;?ICS?lstr20_MyProject+1
0x0554	0x3443 ;?ICS?lstr20_MyProject+2
0x0555	0x3441 ;?ICS?lstr20_MyProject+3
0x0556	0x344B ;?ICS?lstr20_MyProject+4
0x0557	0x3400 ;?ICS?lstr20_MyProject+5
; end of ?ICS?lstr20_MyProject
;MyProject.c,0 :: ?ICS?lstr25_MyProject
0x0558	0x3456 ;?ICS?lstr25_MyProject+0
0x0559	0x3461 ;?ICS?lstr25_MyProject+1
0x055A	0x3472 ;?ICS?lstr25_MyProject+2
0x055B	0x3400 ;?ICS?lstr25_MyProject+3
; end of ?ICS?lstr25_MyProject
;MyProject.c,0 :: ?ICS?lstr19_MyProject
0x055C	0x3453 ;?ICS?lstr19_MyProject+0
0x055D	0x3449 ;?ICS?lstr19_MyProject+1
0x055E	0x3443 ;?ICS?lstr19_MyProject+2
0x055F	0x3441 ;?ICS?lstr19_MyProject+3
0x0560	0x344B ;?ICS?lstr19_MyProject+4
0x0561	0x344C ;?ICS?lstr19_MyProject+5
0x0562	0x3449 ;?ICS?lstr19_MyProject+6
0x0563	0x344B ;?ICS?lstr19_MyProject+7
0x0564	0x3400 ;?ICS?lstr19_MyProject+8
; end of ?ICS?lstr19_MyProject
;MyProject.c,0 :: ?ICS?lstr14_MyProject
0x0565	0x3441 ;?ICS?lstr14_MyProject+0
0x0566	0x345A ;?ICS?lstr14_MyProject+1
0x0567	0x3400 ;?ICS?lstr14_MyProject+2
; end of ?ICS?lstr14_MyProject
;MyProject.c,0 :: ?ICS?lstr17_MyProject
0x0568	0x3453 ;?ICS?lstr17_MyProject+0
0x0569	0x344F ;?ICS?lstr17_MyProject+1
0x056A	0x3447 ;?ICS?lstr17_MyProject+2
0x056B	0x3455 ;?ICS?lstr17_MyProject+3
0x056C	0x344B ;?ICS?lstr17_MyProject+4
0x056D	0x3400 ;?ICS?lstr17_MyProject+5
; end of ?ICS?lstr17_MyProject
;MyProject.c,0 :: ?ICS?lstr18_MyProject
0x056E	0x3443 ;?ICS?lstr18_MyProject+0
0x056F	0x3400 ;?ICS?lstr18_MyProject+1
; end of ?ICS?lstr18_MyProject
;MyProject.c,0 :: ?ICS?lstr15_MyProject
0x0570	0x3425 ;?ICS?lstr15_MyProject+0
0x0571	0x3452 ;?ICS?lstr15_MyProject+1
0x0572	0x3448 ;?ICS?lstr15_MyProject+2
0x0573	0x3400 ;?ICS?lstr15_MyProject+3
; end of ?ICS?lstr15_MyProject
;MyProject.c,0 :: ?ICS?lstr16_MyProject
0x0574	0x344E ;?ICS?lstr16_MyProject+0
0x0575	0x3445 ;?ICS?lstr16_MyProject+1
0x0576	0x344D ;?ICS?lstr16_MyProject+2
0x0577	0x3400 ;?ICS?lstr16_MyProject+3
; end of ?ICS?lstr16_MyProject
;MyProject.c,0 :: ?ICS?lstr21_MyProject
0x0578	0x3453 ;?ICS?lstr21_MyProject+0
0x0579	0x3449 ;?ICS?lstr21_MyProject+1
0x057A	0x3443 ;?ICS?lstr21_MyProject+2
0x057B	0x3441 ;?ICS?lstr21_MyProject+3
0x057C	0x344B ;?ICS?lstr21_MyProject+4
0x057D	0x344C ;?ICS?lstr21_MyProject+5
0x057E	0x3449 ;?ICS?lstr21_MyProject+6
0x057F	0x344B ;?ICS?lstr21_MyProject+7
0x0580	0x3400 ;?ICS?lstr21_MyProject+8
; end of ?ICS?lstr21_MyProject
;__Lib_ADC_88X.c,0 :: ?ICS_vref_mask
0x0581	0x3430 ;?ICS_vref_mask+0
; end of ?ICS_vref_mask
;MyProject.c,0 :: ?ICS?lstr24_MyProject
0x0582	0x3443 ;?ICS?lstr24_MyProject+0
0x0583	0x344F ;?ICS?lstr24_MyProject+1
0x0584	0x3400 ;?ICS?lstr24_MyProject+2
; end of ?ICS?lstr24_MyProject
Symbol List:
//** Routines locations **
//ADDRESS    SIZE    PROCEDURE
//----------------------------------------------
0x0003       [3]    _Delay_1us
0x0006      [13]    _Delay_5500us
0x0013       [7]    _Delay_50us
0x001A      [29]    _Div_16X16_U
0x0037      [94]    _Lcd_Cmd
0x0095       [7]    _____DoICP
0x009C      [11]    _Lcd_Chr_CP
0x00A7      [78]    _WordToStr
0x00F5       [8]    _Delay_22us
0x00FD      [40]    _ADC_Read
0x0125      [67]    _Lcd_Out
0x0168     [138]    _IntToStr
0x01F2      [79]    _Lcd_Init
0x0241      [12]    ___CC2DW
0x024D     [697]    _main
//** Variables locations ** 
//ADDRESS    SIZE    VARIABLE
//----------------------------------------------
0x0000       [1]    INDF
0x0002       [1]    PCL
0x0003       [1]    STATUS
0x0004       [1]    FSR
0x0006       [1]    PORTB
0x0007       [0]    LCD_EN
0x0007       [0]    RC6_bit
0x0007       [0]    LCD_RS
0x0007       [0]    RC4_bit
0x0008       [0]    RD7_bit
0x0008       [0]    LCD_D7
0x0008       [0]    RD4_bit
0x0008       [0]    LCD_D4
0x0008       [0]    RD6_bit
0x0008       [1]    PORTD
0x0008       [0]    LCD_D5
0x0008       [0]    LCD_D6
0x0008       [0]    RD5_bit
0x000A       [1]    PCLATH
0x001E       [1]    ADRESH
0x001F       [1]    ADCON0
0x0020       [4]    _verisicak
0x0024       [2]    ?lstr10_MyProject
0x0026       [4]    _verinem
0x002A       [4]    ?lstr12_MyProject
0x002E       [4]    ?lstr13_MyProject
0x0032       [4]    ?lstr11_MyProject
0x0036       [4]    ?lstr9_MyProject
0x003A       [4]    ?lstr3_MyProject
0x003E       [4]    ?lstr4_MyProject
0x0042       [3]    ?lstr1_MyProject
0x0045       [9]    ?lstr2_MyProject
0x004E       [9]    ?lstr7_MyProject
0x0057       [4]    ?lstr8_MyProject
0x005B       [2]    ?lstr5_MyProject
0x005D       [3]    ?lstr6_MyProject
0x0060       [2]    ?lstr22_MyProject
0x0062       [4]    ?lstr23_MyProject
0x0066       [6]    ?lstr20_MyProject
0x006C       [1]    _vref_mask
0x006D       [3]    ?lstr24_MyProject
0x0070       [1]    R0
0x0071       [1]    R1
0x0072       [1]    R2
0x0073       [1]    R3
0x0074       [1]    R4
0x0075       [1]    R5
0x0076       [1]    R6
0x0077       [1]    R7
0x0078       [1]    R8
0x0079       [1]    R9
0x007A       [1]    R10
0x007B       [1]    R11
0x007C       [1]    R12
0x007D       [1]    R13
0x007E       [1]    R14
0x007F       [1]    R15
0x0086       [1]    TRISB
0x0087       [0]    TRISC4_bit
0x0087       [0]    LCD_EN_Direction
0x0087       [0]    TRISC6_bit
0x0087       [0]    LCD_RS_Direction
0x0088       [0]    LCD_D4_Direction
0x0088       [0]    TRISD7_bit
0x0088       [0]    LCD_D5_Direction
0x0088       [1]    TRISD
0x0088       [0]    TRISD6_bit
0x0088       [0]    TRISD5_bit
0x0088       [0]    TRISD4_bit
0x0088       [0]    LCD_D6_Direction
0x0088       [0]    LCD_D7_Direction
0x009E       [1]    ADRESL
0x009F       [1]    ADCON1
0x00A0       [9]    ?lstr21_MyProject
0x00A9       [4]    ?lstr25_MyProject
0x00AD       [9]    ?lstr19_MyProject
0x00B6       [3]    ?lstr14_MyProject
0x00B9       [6]    ?lstr17_MyProject
0x00BF       [2]    ?lstr18_MyProject
0x00C1       [4]    ?lstr15_MyProject
0x00C5       [4]    ?lstr16_MyProject
0x00C9      [15]    _yaz
0x00D8      [15]    _yaz1
0x00E7       [0]    __Lib_Lcd_cmd_status
0x00E8       [2]    ___DoICPAddr
0x00EA       [1]    FARG_Lcd_Out_row
0x00EA       [1]    FARG_ADC_Read_channel
0x00EA       [2]    FARG_IntToStr_input
0x00EB       [1]    FARG_Lcd_Out_column
0x00EC       [1]    FARG_IntToStr_output
0x00EC       [1]    FARG_Lcd_Out_text
0x00ED       [1]    Lcd_Out_i_L0
0x00ED       [2]    IntToStr_i_L0
0x00EF       [1]    WordToStr_len_L0
0x00EF       [1]    FARG_Lcd_Chr_CP_out_char
0x0107       [0]    C1ON_bit
0x0108       [0]    C2ON_bit
0x0110       [2]    IntToStr_negative_L0
0x0112       [2]    IntToStr_inword_L0
0x0114       [2]    FARG_WordToStr_input
0x0116       [1]    FARG_WordToStr_output
0x0117       [1]    FLOC__WordToStr
0x0118       [1]    FARG_Lcd_Cmd_out_char
0x0188       [1]    ANSEL
0x0189       [1]    ANSELH
//** Constants locations ** 
//ADDRESS    SIZE    CONSTANT
//----------------------------------------------
0x050C       [4]    ?ICS_verisicak
0x0510       [2]    ?ICS?lstr10_MyProject
0x0512       [4]    ?ICS_verinem
0x0516       [4]    ?ICS?lstr12_MyProject
0x051A       [4]    ?ICS?lstr13_MyProject
0x051E       [4]    ?ICS?lstr11_MyProject
0x0522       [4]    ?ICS?lstr9_MyProject
0x0526       [4]    ?ICS?lstr3_MyProject
0x052A       [4]    ?ICS?lstr4_MyProject
0x052E       [3]    ?ICS?lstr1_MyProject
0x0531       [9]    ?ICS?lstr2_MyProject
0x053A       [9]    ?ICS?lstr7_MyProject
0x0543       [4]    ?ICS?lstr8_MyProject
0x0547       [2]    ?ICS?lstr5_MyProject
0x0549       [3]    ?ICS?lstr6_MyProject
0x054C       [2]    ?ICS?lstr22_MyProject
0x054E       [4]    ?ICS?lstr23_MyProject
0x0552       [6]    ?ICS?lstr20_MyProject
0x0558       [4]    ?ICS?lstr25_MyProject
0x055C       [9]    ?ICS?lstr19_MyProject
0x0565       [3]    ?ICS?lstr14_MyProject
0x0568       [6]    ?ICS?lstr17_MyProject
0x056E       [2]    ?ICS?lstr18_MyProject
0x0570       [4]    ?ICS?lstr15_MyProject
0x0574       [4]    ?ICS?lstr16_MyProject
0x0578       [9]    ?ICS?lstr21_MyProject
0x0581       [1]    ?ICS_vref_mask
0x0582       [3]    ?ICS?lstr24_MyProject
